---------------------------------------------------------------
[ 2019-04-08T10:11:12+08:00 ] 192.168.1.217 GET home.newweb.com/favicon.ico
[运行时间：0.521053s] [吞吐率：1.92req/s] [内存消耗：2,980.67kb] [文件加载：95]
[ info ] [ LANG ] E:\PHPTutorial\WWW\home.newweb.com\thinkphp\lang\zh-cn.php
[ info ] [ ROUTE ] array (
)
[ info ] [ HEADER ] array (
  'accept-language' => 'zh-CN,zh;q=0.9',
  'accept-encoding' => 'gzip, deflate',
  'user-agent' => 'Mozilla/5.0 (Windows NT 10.0; WOW64) AppleWebKit/537.36 (KHTML, like Gecko) Chrome/63.0.3239.132 Safari/537.36',
  'connection' => 'keep-alive',
  'host' => 'home.newweb.com',
  'content-length' => '',
  'content-type' => '',
)
[ info ] [ PARAM ] array (
)
[ info ] [ DB ] INIT mysql
[ error ] [8]未定义变量: sys[E:\PHPTutorial\WWW\home.newweb.com\application\home\controller\Common.php:14]
[ sql ] [ DB ] CONNECT:[ UseTime:0.048949s ] mysql:host=47.104.25.221;port=3306;dbname=xinweb;charset=utf8
[ sql ] [ SQL ] SHOW COLUMNS FROM `clt_new_article_type` [ RunTime:0.032141s ]
[ sql ] [ SQL ] SELECT `id`,`title`,`rewrite` FROM `clt_new_article_type` [ RunTime:0.032621s ]
---------------------------------------------------------------
[ 2019-04-08T11:04:29+08:00 ] 192.168.1.217 GET home.newweb.com/favicon.ico
[运行时间：0.193299s] [吞吐率：5.17req/s] [内存消耗：2,980.68kb] [文件加载：95]
[ info ] [ LANG ] E:\PHPTutorial\WWW\home.newweb.com\thinkphp\lang\zh-cn.php
[ info ] [ ROUTE ] array (
)
[ info ] [ HEADER ] array (
  'accept-language' => 'zh-CN,zh;q=0.9',
  'accept-encoding' => 'gzip, deflate',
  'user-agent' => 'Mozilla/5.0 (Windows NT 10.0; WOW64) AppleWebKit/537.36 (KHTML, like Gecko) Chrome/69.0.3497.100 Safari/537.36',
  'connection' => 'keep-alive',
  'host' => 'home.newweb.com',
  'content-length' => '',
  'content-type' => '',
)
[ info ] [ PARAM ] array (
)
[ info ] [ DB ] INIT mysql
[ error ] [8]未定义变量: sys[E:\PHPTutorial\WWW\home.newweb.com\application\home\controller\Common.php:14]
[ sql ] [ DB ] CONNECT:[ UseTime:0.055116s ] mysql:host=47.104.25.221;port=3306;dbname=xinweb;charset=utf8
[ sql ] [ SQL ] SHOW COLUMNS FROM `clt_new_article_type` [ RunTime:0.045212s ]
[ sql ] [ SQL ] SELECT `id`,`title`,`rewrite` FROM `clt_new_article_type` [ RunTime:0.038443s ]
---------------------------------------------------------------
[ 2019-04-08T15:41:51+08:00 ] 192.168.1.166 GET home.newweb.com/favicon.ico
[运行时间：0.174515s] [吞吐率：5.73req/s] [内存消耗：2,981.48kb] [文件加载：95]
[ info ] [ LANG ] E:\PHPTutorial\WWW\home.newweb.com\thinkphp\lang\zh-cn.php
[ info ] [ ROUTE ] array (
)
[ info ] [ HEADER ] array (
  'accept-encoding' => 'gzip, deflate',
  'user-agent' => 'Mozilla/5.0 (Windows NT 10.0; WOW64) AppleWebKit/537.36 (KHTML, like Gecko) Chrome/58.0.3029.110 Safari/537.36 SE 2.X MetaSr 1.0',
  'accept' => 'text/html,application/xhtml+xml,application/xml;q=0.9,image/webp,*/*;q=0.8',
  'cache-control' => 'no-cache',
  'pragma' => 'no-cache',
  'connection' => 'Keep-Alive',
  'host' => 'home.newweb.com',
  'content-length' => '',
  'content-type' => '',
)
[ info ] [ PARAM ] array (
)
[ info ] [ DB ] INIT mysql
[ error ] [8]未定义变量: sys[E:\PHPTutorial\WWW\home.newweb.com\application\home\controller\Common.php:14]
[ sql ] [ DB ] CONNECT:[ UseTime:0.048215s ] mysql:host=47.104.25.221;port=3306;dbname=xinweb;charset=utf8
[ sql ] [ SQL ] SHOW COLUMNS FROM `clt_new_article_type` [ RunTime:0.032159s ]
[ sql ] [ SQL ] SELECT `id`,`title`,`rewrite` FROM `clt_new_article_type` [ RunTime:0.032110s ]
---------------------------------------------------------------
[ 2019-04-08T16:00:03+08:00 ] 192.168.1.166 GET home.newweb.com/favicon.ico
[运行时间：0.148537s] [吞吐率：6.73req/s] [内存消耗：2,981.48kb] [文件加载：95]
[ info ] [ LANG ] E:\PHPTutorial\WWW\home.newweb.com\thinkphp\lang\zh-cn.php
[ info ] [ ROUTE ] array (
)
[ info ] [ HEADER ] array (
  'accept-encoding' => 'gzip, deflate',
  'user-agent' => 'Mozilla/5.0 (Windows NT 10.0; WOW64) AppleWebKit/537.36 (KHTML, like Gecko) Chrome/58.0.3029.110 Safari/537.36 SE 2.X MetaSr 1.0',
  'accept' => 'text/html,application/xhtml+xml,application/xml;q=0.9,image/webp,*/*;q=0.8',
  'cache-control' => 'no-cache',
  'pragma' => 'no-cache',
  'connection' => 'Keep-Alive',
  'host' => 'home.newweb.com',
  'content-length' => '',
  'content-type' => '',
)
[ info ] [ PARAM ] array (
)
[ info ] [ DB ] INIT mysql
[ error ] [8]未定义变量: sys[E:\PHPTutorial\WWW\home.newweb.com\application\home\controller\Common.php:14]
[ sql ] [ DB ] CONNECT:[ UseTime:0.041634s ] mysql:host=47.104.25.221;port=3306;dbname=xinweb;charset=utf8
[ sql ] [ SQL ] SHOW COLUMNS FROM `clt_new_article_type` [ RunTime:0.030408s ]
[ sql ] [ SQL ] SELECT `id`,`title`,`rewrite` FROM `clt_new_article_type` [ RunTime:0.028638s ]
