---------------------------------------------------------------
[ 2019-02-13T16:29:05+08:00 ] 127.0.0.1 GET home.newweb.com/home/Family/content
[运行时间：0.546481s] [吞吐率：1.83req/s] [内存消耗：3,126.91kb] [文件加载：86]
[ info ] [ LANG ] E:\PHPTutorial\WWW\home.newweb.com\thinkphp\lang\zh-cn.php
[ info ] [ ROUTE ] array (
)
[ info ] [ HEADER ] array (
  'accept-language' => 'zh-CN,zh;q=0.9',
  'accept-encoding' => 'gzip, deflate',
  'accept' => 'text/html,application/xhtml+xml,application/xml;q=0.9,image/webp,image/apng,*/*;q=0.8',
  'user-agent' => 'Mozilla/5.0 (Windows NT 10.0; Win64; x64) AppleWebKit/537.36 (KHTML, like Gecko) Chrome/67.0.3396.87 Safari/537.36',
  'upgrade-insecure-requests' => '1',
  'cache-control' => 'max-age=0',
  'connection' => 'keep-alive',
  'host' => 'home.newweb.com',
  'content-length' => '',
  'content-type' => '',
)
[ info ] [ PARAM ] array (
)
[ info ] [ DB ] INIT mysql
[ info ] [ DB ] INIT mysql
[ sql ] [ DB ] CONNECT:[ UseTime:0.051042s ] mysql:host=47.104.25.221;port=3306;dbname=xinweb;charset=utf8
[ sql ] [ SQL ] SHOW COLUMNS FROM `clt_category` [ RunTime:0.033552s ]
[ sql ] [ SQL ] SELECT * FROM `clt_category` WHERE  `id` IS NULL LIMIT 1 [ RunTime:0.034653s ]
[ sql ] [ DB ] CONNECT:[ UseTime:0.049918s ] mysql:host=47.104.25.221;port=3306;dbname=xinweb;charset=utf8
[ sql ] [ SQL ] SHOW COLUMNS FROM `clt_plugin` [ RunTime:0.033368s ]
[ sql ] [ SQL ] SELECT * FROM `clt_plugin` WHERE  `code` = 'changyan' LIMIT 1 [ RunTime:0.033809s ]
[ sql ] [ SQL ] SHOW COLUMNS FROM `clt_new_school_ranking` [ RunTime:0.033566s ]
[ sql ] [ SQL ] SELECT * FROM `clt_new_school_ranking` WHERE  `type` = '2' [ RunTime:0.033279s ]
---------------------------------------------------------------
[ 2019-02-13T16:29:06+08:00 ] 127.0.0.1 GET home.newweb.com/favicon.ico
[运行时间：0.362833s] [吞吐率：2.76req/s] [内存消耗：3,010.75kb] [文件加载：86]
[ info ] [ LANG ] E:\PHPTutorial\WWW\home.newweb.com\thinkphp\lang\zh-cn.php
[ info ] [ ROUTE ] array (
)
[ info ] [ HEADER ] array (
  'accept-language' => 'zh-CN,zh;q=0.9',
  'accept-encoding' => 'gzip, deflate',
  'referer' => 'http://home.newweb.com/home/Family/content',
  'accept' => 'image/webp,image/apng,image/*,*/*;q=0.8',
  'user-agent' => 'Mozilla/5.0 (Windows NT 10.0; Win64; x64) AppleWebKit/537.36 (KHTML, like Gecko) Chrome/67.0.3396.87 Safari/537.36',
  'connection' => 'keep-alive',
  'host' => 'home.newweb.com',
  'content-length' => '',
  'content-type' => '',
)
[ info ] [ PARAM ] array (
)
[ info ] [ DB ] INIT mysql
[ info ] [ DB ] INIT mysql
[ info ] [ VIEW ] E:\PHPTutorial\WWW\home.newweb.com\thinkphp\tpl/dispatch_jump.tpl [ array (
  0 => 'sys',
  1 => 'action',
  2 => 'controller',
  3 => 'title',
  4 => 'keywords',
  5 => 'description',
  6 => 'category',
  7 => 'adList',
  8 => 'linkList',
  9 => 'changyan',
  10 => 'time',
  11 => 'code',
  12 => 'msg',
  13 => 'data',
  14 => 'url',
  15 => 'wait',
) ]
[ sql ] [ DB ] CONNECT:[ UseTime:0.052134s ] mysql:host=47.104.25.221;port=3306;dbname=xinweb;charset=utf8
[ sql ] [ SQL ] SHOW COLUMNS FROM `clt_category` [ RunTime:0.033526s ]
[ sql ] [ SQL ] SELECT * FROM `clt_category` WHERE  `id` IS NULL LIMIT 1 [ RunTime:0.036266s ]
[ sql ] [ DB ] CONNECT:[ UseTime:0.050683s ] mysql:host=47.104.25.221;port=3306;dbname=xinweb;charset=utf8
[ sql ] [ SQL ] SHOW COLUMNS FROM `clt_plugin` [ RunTime:0.034439s ]
[ sql ] [ SQL ] SELECT * FROM `clt_plugin` WHERE  `code` = 'changyan' LIMIT 1 [ RunTime:0.033521s ]
---------------------------------------------------------------
[ 2019-02-13T16:31:31+08:00 ] 127.0.0.1 GET home.newweb.com/home/Family/content
[运行时间：0.359262s] [吞吐率：2.78req/s] [内存消耗：3,061.71kb] [文件加载：86]
[ info ] [ LANG ] E:\PHPTutorial\WWW\home.newweb.com\thinkphp\lang\zh-cn.php
[ info ] [ ROUTE ] array (
)
[ info ] [ HEADER ] array (
  'accept-language' => 'zh-CN,zh;q=0.9',
  'accept-encoding' => 'gzip, deflate',
  'accept' => 'text/html,application/xhtml+xml,application/xml;q=0.9,image/webp,image/apng,*/*;q=0.8',
  'user-agent' => 'Mozilla/5.0 (Windows NT 10.0; Win64; x64) AppleWebKit/537.36 (KHTML, like Gecko) Chrome/67.0.3396.87 Safari/537.36',
  'upgrade-insecure-requests' => '1',
  'cache-control' => 'max-age=0',
  'connection' => 'keep-alive',
  'host' => 'home.newweb.com',
  'content-length' => '',
  'content-type' => '',
)
[ info ] [ PARAM ] array (
)
[ info ] [ DB ] INIT mysql
[ info ] [ DB ] INIT mysql
[ sql ] [ DB ] CONNECT:[ UseTime:0.050293s ] mysql:host=47.104.25.221;port=3306;dbname=xinweb;charset=utf8
[ sql ] [ SQL ] SHOW COLUMNS FROM `clt_category` [ RunTime:0.033915s ]
[ sql ] [ SQL ] SELECT * FROM `clt_category` WHERE  `id` IS NULL LIMIT 1 [ RunTime:0.034810s ]
[ sql ] [ DB ] CONNECT:[ UseTime:0.050146s ] mysql:host=47.104.25.221;port=3306;dbname=xinweb;charset=utf8
[ sql ] [ SQL ] SHOW COLUMNS FROM `clt_plugin` [ RunTime:0.033228s ]
[ sql ] [ SQL ] SELECT * FROM `clt_plugin` WHERE  `code` = 'changyan' LIMIT 1 [ RunTime:0.033623s ]
[ sql ] [ SQL ] SHOW COLUMNS FROM `clt_new_school_ranking` [ RunTime:0.033383s ]
[ sql ] [ SQL ] SELECT * FROM `clt_new_school_ranking` WHERE  `type` IS NULL [ RunTime:0.033489s ]
---------------------------------------------------------------
[ 2019-02-13T16:31:31+08:00 ] 127.0.0.1 GET home.newweb.com/favicon.ico
[运行时间：0.316940s] [吞吐率：3.16req/s] [内存消耗：3,011.12kb] [文件加载：86]
[ info ] [ LANG ] E:\PHPTutorial\WWW\home.newweb.com\thinkphp\lang\zh-cn.php
[ info ] [ ROUTE ] array (
)
[ info ] [ HEADER ] array (
  'accept-language' => 'zh-CN,zh;q=0.9',
  'accept-encoding' => 'gzip, deflate',
  'referer' => 'http://home.newweb.com/home/Family/content',
  'accept' => 'image/webp,image/apng,image/*,*/*;q=0.8',
  'user-agent' => 'Mozilla/5.0 (Windows NT 10.0; Win64; x64) AppleWebKit/537.36 (KHTML, like Gecko) Chrome/67.0.3396.87 Safari/537.36',
  'cache-control' => 'no-cache',
  'pragma' => 'no-cache',
  'connection' => 'keep-alive',
  'host' => 'home.newweb.com',
  'content-length' => '',
  'content-type' => '',
)
[ info ] [ PARAM ] array (
)
[ info ] [ DB ] INIT mysql
[ info ] [ DB ] INIT mysql
[ info ] [ VIEW ] E:\PHPTutorial\WWW\home.newweb.com\thinkphp\tpl/dispatch_jump.tpl [ array (
  0 => 'sys',
  1 => 'action',
  2 => 'controller',
  3 => 'title',
  4 => 'keywords',
  5 => 'description',
  6 => 'category',
  7 => 'adList',
  8 => 'linkList',
  9 => 'changyan',
  10 => 'time',
  11 => 'code',
  12 => 'msg',
  13 => 'data',
  14 => 'url',
  15 => 'wait',
) ]
[ sql ] [ DB ] CONNECT:[ UseTime:0.058813s ] mysql:host=47.104.25.221;port=3306;dbname=xinweb;charset=utf8
[ sql ] [ SQL ] SHOW COLUMNS FROM `clt_category` [ RunTime:0.034531s ]
[ sql ] [ SQL ] SELECT * FROM `clt_category` WHERE  `id` IS NULL LIMIT 1 [ RunTime:0.035534s ]
[ sql ] [ DB ] CONNECT:[ UseTime:0.049935s ] mysql:host=47.104.25.221;port=3306;dbname=xinweb;charset=utf8
[ sql ] [ SQL ] SHOW COLUMNS FROM `clt_plugin` [ RunTime:0.033472s ]
[ sql ] [ SQL ] SELECT * FROM `clt_plugin` WHERE  `code` = 'changyan' LIMIT 1 [ RunTime:0.033462s ]
---------------------------------------------------------------
[ 2019-02-13T16:31:37+08:00 ] 127.0.0.1 GET home.newweb.com/home/Family/content?type=1
[运行时间：0.357785s] [吞吐率：2.79req/s] [内存消耗：3,191.84kb] [文件加载：86]
[ info ] [ LANG ] E:\PHPTutorial\WWW\home.newweb.com\thinkphp\lang\zh-cn.php
[ info ] [ ROUTE ] array (
)
[ info ] [ HEADER ] array (
  'accept-language' => 'zh-CN,zh;q=0.9',
  'accept-encoding' => 'gzip, deflate',
  'accept' => 'text/html,application/xhtml+xml,application/xml;q=0.9,image/webp,image/apng,*/*;q=0.8',
  'user-agent' => 'Mozilla/5.0 (Windows NT 10.0; Win64; x64) AppleWebKit/537.36 (KHTML, like Gecko) Chrome/67.0.3396.87 Safari/537.36',
  'upgrade-insecure-requests' => '1',
  'connection' => 'keep-alive',
  'host' => 'home.newweb.com',
  'content-length' => '',
  'content-type' => '',
)
[ info ] [ PARAM ] array (
  'type' => '1',
)
[ info ] [ DB ] INIT mysql
[ info ] [ DB ] INIT mysql
[ sql ] [ DB ] CONNECT:[ UseTime:0.049184s ] mysql:host=47.104.25.221;port=3306;dbname=xinweb;charset=utf8
[ sql ] [ SQL ] SHOW COLUMNS FROM `clt_category` [ RunTime:0.033572s ]
[ sql ] [ SQL ] SELECT * FROM `clt_category` WHERE  `id` IS NULL LIMIT 1 [ RunTime:0.034228s ]
[ sql ] [ DB ] CONNECT:[ UseTime:0.049817s ] mysql:host=47.104.25.221;port=3306;dbname=xinweb;charset=utf8
[ sql ] [ SQL ] SHOW COLUMNS FROM `clt_plugin` [ RunTime:0.033122s ]
[ sql ] [ SQL ] SELECT * FROM `clt_plugin` WHERE  `code` = 'changyan' LIMIT 1 [ RunTime:0.034585s ]
[ sql ] [ SQL ] SHOW COLUMNS FROM `clt_new_school_ranking` [ RunTime:0.033899s ]
[ sql ] [ SQL ] SELECT * FROM `clt_new_school_ranking` WHERE  `type` = '1' [ RunTime:0.034145s ]
---------------------------------------------------------------
[ 2019-02-13T16:31:38+08:00 ] 127.0.0.1 GET home.newweb.com/favicon.ico
[运行时间：0.290851s] [吞吐率：3.44req/s] [内存消耗：3,010.77kb] [文件加载：86]
[ info ] [ LANG ] E:\PHPTutorial\WWW\home.newweb.com\thinkphp\lang\zh-cn.php
[ info ] [ ROUTE ] array (
)
[ info ] [ HEADER ] array (
  'accept-language' => 'zh-CN,zh;q=0.9',
  'accept-encoding' => 'gzip, deflate',
  'referer' => 'http://home.newweb.com/home/Family/content?type=1',
  'accept' => 'image/webp,image/apng,image/*,*/*;q=0.8',
  'user-agent' => 'Mozilla/5.0 (Windows NT 10.0; Win64; x64) AppleWebKit/537.36 (KHTML, like Gecko) Chrome/67.0.3396.87 Safari/537.36',
  'connection' => 'keep-alive',
  'host' => 'home.newweb.com',
  'content-length' => '',
  'content-type' => '',
)
[ info ] [ PARAM ] array (
)
[ info ] [ DB ] INIT mysql
[ info ] [ DB ] INIT mysql
[ info ] [ VIEW ] E:\PHPTutorial\WWW\home.newweb.com\thinkphp\tpl/dispatch_jump.tpl [ array (
  0 => 'sys',
  1 => 'action',
  2 => 'controller',
  3 => 'title',
  4 => 'keywords',
  5 => 'description',
  6 => 'category',
  7 => 'adList',
  8 => 'linkList',
  9 => 'changyan',
  10 => 'time',
  11 => 'code',
  12 => 'msg',
  13 => 'data',
  14 => 'url',
  15 => 'wait',
) ]
[ sql ] [ DB ] CONNECT:[ UseTime:0.048625s ] mysql:host=47.104.25.221;port=3306;dbname=xinweb;charset=utf8
[ sql ] [ SQL ] SHOW COLUMNS FROM `clt_category` [ RunTime:0.033520s ]
[ sql ] [ SQL ] SELECT * FROM `clt_category` WHERE  `id` IS NULL LIMIT 1 [ RunTime:0.034293s ]
[ sql ] [ DB ] CONNECT:[ UseTime:0.048993s ] mysql:host=47.104.25.221;port=3306;dbname=xinweb;charset=utf8
[ sql ] [ SQL ] SHOW COLUMNS FROM `clt_plugin` [ RunTime:0.033041s ]
[ sql ] [ SQL ] SELECT * FROM `clt_plugin` WHERE  `code` = 'changyan' LIMIT 1 [ RunTime:0.032836s ]
---------------------------------------------------------------
[ 2019-02-13T16:31:46+08:00 ] 127.0.0.1 GET home.newweb.com/home/Family/content?type=2
[运行时间：0.352138s] [吞吐率：2.84req/s] [内存消耗：3,127.28kb] [文件加载：86]
[ info ] [ LANG ] E:\PHPTutorial\WWW\home.newweb.com\thinkphp\lang\zh-cn.php
[ info ] [ ROUTE ] array (
)
[ info ] [ HEADER ] array (
  'accept-language' => 'zh-CN,zh;q=0.9',
  'accept-encoding' => 'gzip, deflate',
  'accept' => 'text/html,application/xhtml+xml,application/xml;q=0.9,image/webp,image/apng,*/*;q=0.8',
  'user-agent' => 'Mozilla/5.0 (Windows NT 10.0; Win64; x64) AppleWebKit/537.36 (KHTML, like Gecko) Chrome/67.0.3396.87 Safari/537.36',
  'upgrade-insecure-requests' => '1',
  'connection' => 'keep-alive',
  'host' => 'home.newweb.com',
  'content-length' => '',
  'content-type' => '',
)
[ info ] [ PARAM ] array (
  'type' => '2',
)
[ info ] [ DB ] INIT mysql
[ info ] [ DB ] INIT mysql
[ sql ] [ DB ] CONNECT:[ UseTime:0.049437s ] mysql:host=47.104.25.221;port=3306;dbname=xinweb;charset=utf8
[ sql ] [ SQL ] SHOW COLUMNS FROM `clt_category` [ RunTime:0.033091s ]
[ sql ] [ SQL ] SELECT * FROM `clt_category` WHERE  `id` IS NULL LIMIT 1 [ RunTime:0.034211s ]
[ sql ] [ DB ] CONNECT:[ UseTime:0.049477s ] mysql:host=47.104.25.221;port=3306;dbname=xinweb;charset=utf8
[ sql ] [ SQL ] SHOW COLUMNS FROM `clt_plugin` [ RunTime:0.034388s ]
[ sql ] [ SQL ] SELECT * FROM `clt_plugin` WHERE  `code` = 'changyan' LIMIT 1 [ RunTime:0.034575s ]
[ sql ] [ SQL ] SHOW COLUMNS FROM `clt_new_school_ranking` [ RunTime:0.034328s ]
[ sql ] [ SQL ] SELECT * FROM `clt_new_school_ranking` WHERE  `type` = '2' [ RunTime:0.033202s ]
---------------------------------------------------------------
[ 2019-02-13T16:31:47+08:00 ] 127.0.0.1 GET home.newweb.com/favicon.ico
[运行时间：0.282526s] [吞吐率：3.54req/s] [内存消耗：3,010.77kb] [文件加载：86]
[ info ] [ LANG ] E:\PHPTutorial\WWW\home.newweb.com\thinkphp\lang\zh-cn.php
[ info ] [ ROUTE ] array (
)
[ info ] [ HEADER ] array (
  'accept-language' => 'zh-CN,zh;q=0.9',
  'accept-encoding' => 'gzip, deflate',
  'referer' => 'http://home.newweb.com/home/Family/content?type=2',
  'accept' => 'image/webp,image/apng,image/*,*/*;q=0.8',
  'user-agent' => 'Mozilla/5.0 (Windows NT 10.0; Win64; x64) AppleWebKit/537.36 (KHTML, like Gecko) Chrome/67.0.3396.87 Safari/537.36',
  'connection' => 'keep-alive',
  'host' => 'home.newweb.com',
  'content-length' => '',
  'content-type' => '',
)
[ info ] [ PARAM ] array (
)
[ info ] [ DB ] INIT mysql
[ info ] [ DB ] INIT mysql
[ info ] [ VIEW ] E:\PHPTutorial\WWW\home.newweb.com\thinkphp\tpl/dispatch_jump.tpl [ array (
  0 => 'sys',
  1 => 'action',
  2 => 'controller',
  3 => 'title',
  4 => 'keywords',
  5 => 'description',
  6 => 'category',
  7 => 'adList',
  8 => 'linkList',
  9 => 'changyan',
  10 => 'time',
  11 => 'code',
  12 => 'msg',
  13 => 'data',
  14 => 'url',
  15 => 'wait',
) ]
[ sql ] [ DB ] CONNECT:[ UseTime:0.049641s ] mysql:host=47.104.25.221;port=3306;dbname=xinweb;charset=utf8
[ sql ] [ SQL ] SHOW COLUMNS FROM `clt_category` [ RunTime:0.033625s ]
[ sql ] [ SQL ] SELECT * FROM `clt_category` WHERE  `id` IS NULL LIMIT 1 [ RunTime:0.034356s ]
[ sql ] [ DB ] CONNECT:[ UseTime:0.050063s ] mysql:host=47.104.25.221;port=3306;dbname=xinweb;charset=utf8
[ sql ] [ SQL ] SHOW COLUMNS FROM `clt_plugin` [ RunTime:0.033337s ]
[ sql ] [ SQL ] SELECT * FROM `clt_plugin` WHERE  `code` = 'changyan' LIMIT 1 [ RunTime:0.033838s ]
