---------------------------------------------------------------
[ 2019-03-20T09:27:33+08:00 ] 127.0.0.1 GET home.newweb.com/
[运行时间：1.601537s] [吞吐率：0.62req/s] [内存消耗：3,587.41kb] [文件加载：96]
[ info ] [ LANG ] E:\PHPTutorial\WWW\home.newweb.com\thinkphp\lang\zh-cn.php
[ info ] [ ROUTE ] array (
  'rule' => '',
  'route' => 'home/index/index',
  'option' => 
  array (
    'merge_rule_regex' => false,
    'complete_match' => true,
  ),
  'var' => 
  array (
  ),
)
[ info ] [ HEADER ] array (
  'accept-language' => 'zh-CN,zh;q=0.9',
  'accept-encoding' => 'gzip, deflate',
  'accept' => 'text/html,application/xhtml+xml,application/xml;q=0.9,image/webp,image/apng,*/*;q=0.8',
  'user-agent' => 'Mozilla/5.0 (Windows NT 10.0; Win64; x64) AppleWebKit/537.36 (KHTML, like Gecko) Chrome/67.0.3396.87 Safari/537.36',
  'upgrade-insecure-requests' => '1',
  'cache-control' => 'max-age=0',
  'connection' => 'keep-alive',
  'host' => 'home.newweb.com',
  'content-length' => '',
  'content-type' => '',
)
[ info ] [ PARAM ] array (
)
[ info ] [ DB ] INIT mysql
[ info ] [ DB ] INIT mysql
[ info ] [ VIEW ] E:\PHPTutorial\WWW\home.newweb.com\application\home\view\index\index.html [ array (
  0 => 'action',
  1 => 'controller',
  2 => 'title',
  3 => 'keywords',
  4 => 'description',
  5 => 'category',
  6 => 'adList',
  7 => 'linkList',
  8 => 'changyan',
  9 => 'time',
  10 => 'pc_url',
  11 => 'link_list',
  12 => 'adv_list',
  13 => 'case_list',
  14 => 'admin_path',
  15 => 'list',
  16 => 'bj_promote',
  17 => 'activity_list',
  18 => 'gao_article_list',
  19 => 'ben_article_list',
  20 => 'yan_article_list',
  21 => 'column_tdk_res',
) ]
[ sql ] [ DB ] CONNECT:[ UseTime:0.047922s ] mysql:host=47.104.25.221;port=3306;dbname=xinweb;charset=utf8
[ sql ] [ SQL ] SHOW COLUMNS FROM `clt_category` [ RunTime:0.036523s ]
[ sql ] [ SQL ] SELECT * FROM `clt_category` WHERE  `id` IS NULL LIMIT 1 [ RunTime:0.032971s ]
[ sql ] [ DB ] CONNECT:[ UseTime:0.044081s ] mysql:host=47.104.25.221;port=3306;dbname=xinweb;charset=utf8
[ sql ] [ SQL ] SHOW COLUMNS FROM `clt_plugin` [ RunTime:0.029506s ]
[ sql ] [ SQL ] SELECT * FROM `clt_plugin` WHERE  `code` = 'changyan' LIMIT 1 [ RunTime:0.030238s ]
[ sql ] [ SQL ] SHOW COLUMNS FROM `clt_new_article_type` [ RunTime:0.029713s ]
[ sql ] [ SQL ] SELECT `id`,`title`,`rewrite` FROM `clt_new_article_type` [ RunTime:0.029909s ]
[ sql ] [ SQL ] SHOW COLUMNS FROM `clt_new_tutor_type` [ RunTime:0.029644s ]
[ sql ] [ SQL ] SELECT * FROM `clt_new_tutor_type` [ RunTime:0.029712s ]
[ sql ] [ SQL ] SHOW COLUMNS FROM `clt_new_tutor` [ RunTime:0.030740s ]
[ sql ] [ SQL ] SELECT `id`,`title`,`thumbnail`,`adept`,`type` FROM `clt_new_tutor` WHERE  `open` = 1  AND `type` = 1 ORDER BY `sort` DESC LIMIT 6 [ RunTime:0.030863s ]
[ sql ] [ SQL ] SELECT `id`,`title`,`thumbnail`,`adept`,`type` FROM `clt_new_tutor` WHERE  `open` = 1  AND `type` = 2 ORDER BY `sort` DESC LIMIT 6 [ RunTime:0.029743s ]
[ sql ] [ SQL ] SELECT `id`,`title`,`thumbnail`,`school`,`major`,`type`,`add_time` FROM `clt_new_tutor` WHERE  `open` = 1  AND `type` = 3 ORDER BY `sort` DESC LIMIT 6 [ RunTime:0.030475s ]
[ sql ] [ SQL ] SELECT `id`,`title`,`thumbnail`,`adept`,`type` FROM `clt_new_tutor` WHERE  `open` = 1  AND `type` = 4 ORDER BY `sort` DESC LIMIT 6 [ RunTime:0.029937s ]
[ sql ] [ SQL ] SELECT `id`,`title`,`thumbnail`,`school`,`major`,`type` FROM `clt_new_tutor` WHERE  `open` = 1  AND `type` = 5 ORDER BY `sort` DESC LIMIT 6 [ RunTime:0.030877s ]
[ sql ] [ SQL ] SELECT `id`,`title`,`thumbnail`,`adept`,`type`,`major` FROM `clt_new_tutor` WHERE  `open` = 1  AND `type` = 6 ORDER BY `sort` DESC LIMIT 6 [ RunTime:0.030073s ]
[ sql ] [ SQL ] SHOW COLUMNS FROM `clt_new_bg_promote_type` [ RunTime:0.030314s ]
[ sql ] [ SQL ] SELECT * FROM `clt_new_bg_promote_type` [ RunTime:0.031313s ]
[ sql ] [ SQL ] SHOW COLUMNS FROM `clt_new_activity` [ RunTime:0.030207s ]
[ sql ] [ SQL ] SELECT `id`,`title`,`lecture_time`,`name`,`lecture_venue`,`end_time`,`home_pic`,`type` FROM `clt_new_activity` WHERE  `open` = '1'  AND `recommend_id` LIKE '%9%' ORDER BY `sort` DESC LIMIT 2 [ RunTime:0.031142s ]
[ sql ] [ SQL ] SHOW COLUMNS FROM `clt_new_activity_articletype` [ RunTime:0.031265s ]
[ sql ] [ SQL ] SELECT `rewrite` FROM `clt_new_activity_articletype` WHERE  `id` = 1 LIMIT 1 [ RunTime:0.029386s ]
[ sql ] [ SQL ] SELECT `rewrite` FROM `clt_new_activity_articletype` WHERE  `id` = 1 LIMIT 1 [ RunTime:0.032205s ]
[ sql ] [ SQL ] SHOW COLUMNS FROM `clt_new_article` [ RunTime:0.030077s ]
[ sql ] [ SQL ] SELECT `id`,`title`,`type`,`apply_stage`,`is_show`,`index_sort`,`cover_pic` FROM `clt_new_article` WHERE  `is_show` = 1  AND `apply_stage` = 1  AND `tui_ids` LIKE '%1%' ORDER BY `index_sort` DESC LIMIT 6 [ RunTime:0.029549s ]
[ sql ] [ SQL ] SELECT `id`,`title`,`type`,`apply_stage`,`is_show`,`index_sort`,`cover_pic` FROM `clt_new_article` WHERE  `is_show` = 1  AND `apply_stage` = 2  AND `tui_ids` LIKE '%1%' ORDER BY `index_sort` DESC LIMIT 6 [ RunTime:0.030529s ]
[ sql ] [ SQL ] SELECT `id`,`title`,`type`,`apply_stage`,`is_show`,`index_sort`,`cover_pic` FROM `clt_new_article` WHERE  `is_show` = 1  AND `apply_stage` = 3  AND `tui_ids` LIKE '%1%' ORDER BY `index_sort` DESC LIMIT 6 [ RunTime:0.030113s ]
[ sql ] [ SQL ] SHOW COLUMNS FROM `clt_new_case` [ RunTime:0.031275s ]
[ sql ] [ SQL ] SELECT `id`,`title`,`student_name`,`score`,`apply_stage`,`xx_logo`,`head_img`,`xx_offer`,`xx_major`,`xx_name`,`sort`,`small_head_img` FROM `clt_new_case` WHERE  `tui_ids` LIKE '%15%' ORDER BY `sort` DESC LIMIT 6 [ RunTime:0.029610s ]
[ sql ] [ SQL ] SHOW COLUMNS FROM `clt_new_adv` [ RunTime:0.030835s ]
[ sql ] [ SQL ] SELECT * FROM `clt_new_adv` WHERE  `adv_type_id` = 5 ORDER BY `sort` DESC [ RunTime:0.031254s ]
[ sql ] [ SQL ] SHOW COLUMNS FROM `clt_new_link` [ RunTime:0.030457s ]
[ sql ] [ SQL ] SELECT * FROM `clt_new_link` WHERE  `open` = '1' ORDER BY `sort` DESC [ RunTime:0.029798s ]
[ error ] [8]未定义数组索引: keywords[E:\PHPTutorial\WWW\home.newweb.com\runtime\temp\ce46e9936099d52ff3e3f6e26ff41797.php:311]
---------------------------------------------------------------
[ 2019-03-20T09:27:34+08:00 ] 127.0.0.1 GET home.newweb.com/
[运行时间：1.309881s] [吞吐率：0.76req/s] [内存消耗：3,591.41kb] [文件加载：96]
[ info ] [ LANG ] E:\PHPTutorial\WWW\home.newweb.com\thinkphp\lang\zh-cn.php
[ info ] [ ROUTE ] array (
  'rule' => '',
  'route' => 'home/index/index',
  'option' => 
  array (
    'merge_rule_regex' => false,
    'complete_match' => true,
  ),
  'var' => 
  array (
  ),
)
[ info ] [ HEADER ] array (
  'accept-language' => 'zh-CN,zh;q=0.9',
  'accept-encoding' => 'gzip, deflate',
  'accept' => 'text/html,application/xhtml+xml,application/xml;q=0.9,image/webp,image/apng,*/*;q=0.8',
  'user-agent' => 'Mozilla/5.0 (Windows NT 10.0; Win64; x64) AppleWebKit/537.36 (KHTML, like Gecko) Chrome/67.0.3396.87 Safari/537.36',
  'upgrade-insecure-requests' => '1',
  'cache-control' => 'max-age=0',
  'connection' => 'keep-alive',
  'host' => 'home.newweb.com',
  'content-length' => '',
  'content-type' => '',
)
[ info ] [ PARAM ] array (
)
[ info ] [ DB ] INIT mysql
[ info ] [ DB ] INIT mysql
[ info ] [ VIEW ] E:\PHPTutorial\WWW\home.newweb.com\application\home\view\index\index.html [ array (
  0 => 'action',
  1 => 'controller',
  2 => 'title',
  3 => 'keywords',
  4 => 'description',
  5 => 'category',
  6 => 'adList',
  7 => 'linkList',
  8 => 'changyan',
  9 => 'time',
  10 => 'pc_url',
  11 => 'link_list',
  12 => 'adv_list',
  13 => 'case_list',
  14 => 'admin_path',
  15 => 'list',
  16 => 'bj_promote',
  17 => 'activity_list',
  18 => 'gao_article_list',
  19 => 'ben_article_list',
  20 => 'yan_article_list',
  21 => 'column_tdk_res',
) ]
[ sql ] [ DB ] CONNECT:[ UseTime:0.049806s ] mysql:host=47.104.25.221;port=3306;dbname=xinweb;charset=utf8
[ sql ] [ SQL ] SHOW COLUMNS FROM `clt_category` [ RunTime:0.035981s ]
[ sql ] [ SQL ] SELECT * FROM `clt_category` WHERE  `id` IS NULL LIMIT 1 [ RunTime:0.035230s ]
[ sql ] [ DB ] CONNECT:[ UseTime:0.049542s ] mysql:host=47.104.25.221;port=3306;dbname=xinweb;charset=utf8
[ sql ] [ SQL ] SHOW COLUMNS FROM `clt_plugin` [ RunTime:0.033445s ]
[ sql ] [ SQL ] SELECT * FROM `clt_plugin` WHERE  `code` = 'changyan' LIMIT 1 [ RunTime:0.034614s ]
[ sql ] [ SQL ] SHOW COLUMNS FROM `clt_new_article_type` [ RunTime:0.033641s ]
[ sql ] [ SQL ] SELECT `id`,`title`,`rewrite` FROM `clt_new_article_type` [ RunTime:0.034203s ]
[ sql ] [ SQL ] SHOW COLUMNS FROM `clt_new_tutor_type` [ RunTime:0.034616s ]
[ sql ] [ SQL ] SELECT * FROM `clt_new_tutor_type` [ RunTime:0.034305s ]
[ sql ] [ SQL ] SHOW COLUMNS FROM `clt_new_tutor` [ RunTime:0.034070s ]
[ sql ] [ SQL ] SELECT `id`,`title`,`thumbnail`,`adept`,`type` FROM `clt_new_tutor` WHERE  `open` = 1  AND `type` = 1 ORDER BY `sort` DESC LIMIT 6 [ RunTime:0.033908s ]
[ sql ] [ SQL ] SELECT `id`,`title`,`thumbnail`,`adept`,`type` FROM `clt_new_tutor` WHERE  `open` = 1  AND `type` = 2 ORDER BY `sort` DESC LIMIT 6 [ RunTime:0.034003s ]
[ sql ] [ SQL ] SELECT `id`,`title`,`thumbnail`,`school`,`major`,`type`,`add_time` FROM `clt_new_tutor` WHERE  `open` = 1  AND `type` = 3 ORDER BY `sort` DESC LIMIT 6 [ RunTime:0.033055s ]
[ sql ] [ SQL ] SELECT `id`,`title`,`thumbnail`,`adept`,`type` FROM `clt_new_tutor` WHERE  `open` = 1  AND `type` = 4 ORDER BY `sort` DESC LIMIT 6 [ RunTime:0.034981s ]
[ sql ] [ SQL ] SELECT `id`,`title`,`thumbnail`,`school`,`major`,`type` FROM `clt_new_tutor` WHERE  `open` = 1  AND `type` = 5 ORDER BY `sort` DESC LIMIT 6 [ RunTime:0.034306s ]
[ sql ] [ SQL ] SELECT `id`,`title`,`thumbnail`,`adept`,`type`,`major` FROM `clt_new_tutor` WHERE  `open` = 1  AND `type` = 6 ORDER BY `sort` DESC LIMIT 6 [ RunTime:0.034663s ]
[ sql ] [ SQL ] SHOW COLUMNS FROM `clt_new_bg_promote_type` [ RunTime:0.033809s ]
[ sql ] [ SQL ] SELECT * FROM `clt_new_bg_promote_type` [ RunTime:0.034848s ]
[ sql ] [ SQL ] SHOW COLUMNS FROM `clt_new_activity` [ RunTime:0.034711s ]
[ sql ] [ SQL ] SELECT `id`,`title`,`lecture_time`,`name`,`lecture_venue`,`end_time`,`home_pic`,`type` FROM `clt_new_activity` WHERE  `open` = '1'  AND `recommend_id` LIKE '%9%' ORDER BY `sort` DESC LIMIT 2 [ RunTime:0.033209s ]
[ sql ] [ SQL ] SHOW COLUMNS FROM `clt_new_activity_articletype` [ RunTime:0.033676s ]
[ sql ] [ SQL ] SELECT `rewrite` FROM `clt_new_activity_articletype` WHERE  `id` = 1 LIMIT 1 [ RunTime:0.034033s ]
[ sql ] [ SQL ] SELECT `rewrite` FROM `clt_new_activity_articletype` WHERE  `id` = 1 LIMIT 1 [ RunTime:0.033610s ]
[ sql ] [ SQL ] SHOW COLUMNS FROM `clt_new_article` [ RunTime:0.033845s ]
[ sql ] [ SQL ] SELECT `id`,`title`,`type`,`apply_stage`,`is_show`,`index_sort`,`cover_pic` FROM `clt_new_article` WHERE  `is_show` = 1  AND `apply_stage` = 1  AND `tui_ids` LIKE '%1%' ORDER BY `index_sort` DESC LIMIT 6 [ RunTime:0.034040s ]
[ sql ] [ SQL ] SELECT `id`,`title`,`type`,`apply_stage`,`is_show`,`index_sort`,`cover_pic` FROM `clt_new_article` WHERE  `is_show` = 1  AND `apply_stage` = 2  AND `tui_ids` LIKE '%1%' ORDER BY `index_sort` DESC LIMIT 6 [ RunTime:0.034388s ]
[ sql ] [ SQL ] SELECT `id`,`title`,`type`,`apply_stage`,`is_show`,`index_sort`,`cover_pic` FROM `clt_new_article` WHERE  `is_show` = 1  AND `apply_stage` = 3  AND `tui_ids` LIKE '%1%' ORDER BY `index_sort` DESC LIMIT 6 [ RunTime:0.033786s ]
[ sql ] [ SQL ] SHOW COLUMNS FROM `clt_new_case` [ RunTime:0.033288s ]
[ sql ] [ SQL ] SELECT `id`,`title`,`student_name`,`score`,`apply_stage`,`xx_logo`,`head_img`,`xx_offer`,`xx_major`,`xx_name`,`sort`,`small_head_img` FROM `clt_new_case` WHERE  `tui_ids` LIKE '%15%' ORDER BY `sort` DESC LIMIT 6 [ RunTime:0.035189s ]
[ sql ] [ SQL ] SHOW COLUMNS FROM `clt_new_adv` [ RunTime:0.034333s ]
[ sql ] [ SQL ] SELECT * FROM `clt_new_adv` WHERE  `adv_type_id` = 5 ORDER BY `sort` DESC [ RunTime:0.033363s ]
[ sql ] [ SQL ] SHOW COLUMNS FROM `clt_new_link` [ RunTime:0.034424s ]
[ sql ] [ SQL ] SELECT * FROM `clt_new_link` WHERE  `open` = '1' ORDER BY `sort` DESC [ RunTime:0.033589s ]
[ error ] [8]未定义数组索引: keywords[E:\PHPTutorial\WWW\home.newweb.com\runtime\temp\ce46e9936099d52ff3e3f6e26ff41797.php:311]
---------------------------------------------------------------
[ 2019-03-20T09:27:46+08:00 ] 127.0.0.1 GET home.newweb.com/middle/
[运行时间：2.028892s] [吞吐率：0.49req/s] [内存消耗：4,493.80kb] [文件加载：104]
[ info ] [ LANG ] E:\PHPTutorial\WWW\home.newweb.com\thinkphp\lang\zh-cn.php
[ info ] [ ROUTE ] array (
)
[ info ] [ HEADER ] array (
  'cookie' => 'Hm_lvt_01e274a68687048b409421c6d427bdd1=1553045255; Hm_lpvt_01e274a68687048b409421c6d427bdd1=1553045255',
  'accept-language' => 'zh-CN,zh;q=0.9',
  'accept-encoding' => 'gzip, deflate',
  'referer' => 'http://home.newweb.com/',
  'accept' => 'text/html,application/xhtml+xml,application/xml;q=0.9,image/webp,image/apng,*/*;q=0.8',
  'user-agent' => 'Mozilla/5.0 (Windows NT 10.0; Win64; x64) AppleWebKit/537.36 (KHTML, like Gecko) Chrome/67.0.3396.87 Safari/537.36',
  'upgrade-insecure-requests' => '1',
  'connection' => 'keep-alive',
  'host' => 'home.newweb.com',
  'content-length' => '',
  'content-type' => '',
)
[ info ] [ PARAM ] array (
)
[ info ] [ DB ] INIT mysql
[ info ] [ DB ] INIT mysql
[ info ] [ VIEW ] E:\PHPTutorial\WWW\home.newweb.com\application\home\view\apply\high_school.html [ array (
  0 => 'admin_path',
  1 => 'action',
  2 => 'controller',
  3 => 'title',
  4 => 'keywords',
  5 => 'description',
  6 => 'category',
  7 => 'adList',
  8 => 'linkList',
  9 => 'changyan',
  10 => 'time',
  11 => 'pc_url',
  12 => 'zsg_list',
  13 => 'js_list',
  14 => 'zc_list',
  15 => 'zd_list',
  16 => 'zm_list',
  17 => 'sj_list',
  18 => 'gh_list',
  19 => 'activity_list',
  20 => 'article_type_list',
  21 => 'pics',
  22 => 'column_tdk_res',
) ]
[ sql ] [ DB ] CONNECT:[ UseTime:0.052083s ] mysql:host=47.104.25.221;port=3306;dbname=xinweb;charset=utf8
[ sql ] [ SQL ] SHOW COLUMNS FROM `clt_category` [ RunTime:0.034749s ]
[ sql ] [ SQL ] SELECT * FROM `clt_category` WHERE  `id` IS NULL LIMIT 1 [ RunTime:0.034539s ]
[ sql ] [ DB ] CONNECT:[ UseTime:0.050005s ] mysql:host=47.104.25.221;port=3306;dbname=xinweb;charset=utf8
[ sql ] [ SQL ] SHOW COLUMNS FROM `clt_plugin` [ RunTime:0.032710s ]
[ sql ] [ SQL ] SELECT * FROM `clt_plugin` WHERE  `code` = 'changyan' LIMIT 1 [ RunTime:0.033828s ]
[ sql ] [ SQL ] SHOW COLUMNS FROM `clt_new_adv` [ RunTime:0.033433s ]
[ sql ] [ SQL ] SELECT `id`,`title`,`pic`,`is_target`,`url` FROM `clt_new_adv` WHERE  `adv_type_id` = 1  AND `is_show` = 1 ORDER BY `sort` DESC [ RunTime:0.036001s ]
[ sql ] [ SQL ] SHOW COLUMNS FROM `clt_new_video` [ RunTime:0.033441s ]
[ sql ] [ SQL ] SELECT * FROM `clt_new_video` WHERE  `video_type_id` = 7  AND `is_show` = 1 ORDER BY `sort` DESC [ RunTime:0.033218s ]
[ sql ] [ SQL ] SELECT * FROM `clt_new_video` WHERE  `video_type_id` = 8  AND `is_show` = 1 ORDER BY `sort` DESC [ RunTime:0.034676s ]
[ sql ] [ SQL ] SELECT * FROM `clt_new_video` WHERE  `video_type_id` = 9  AND `is_show` = 1 ORDER BY `sort` DESC [ RunTime:0.033417s ]
[ sql ] [ SQL ] SELECT * FROM `clt_new_video` WHERE  `video_type_id` = 10  AND `is_show` = 1 ORDER BY `sort` DESC [ RunTime:0.033491s ]
[ sql ] [ SQL ] SELECT * FROM `clt_new_video` WHERE  `video_type_id` = 11  AND `is_show` = 1 ORDER BY `sort` DESC [ RunTime:0.035592s ]
[ sql ] [ SQL ] SHOW COLUMNS FROM `clt_new_family` [ RunTime:0.034097s ]
[ sql ] [ SQL ] SELECT `id`,`title`,`pics`,`cover_pic` FROM `clt_new_family` WHERE  `is_show` = 1  AND `tui_ids` = '5' ORDER BY `sort` DESC LIMIT 10 [ RunTime:0.032966s ]
[ sql ] [ SQL ] SHOW COLUMNS FROM `clt_new_care_activities` [ RunTime:0.036403s ]
[ sql ] [ SQL ] SELECT `id`,`title`,`cover_pic` FROM `clt_new_care_activities` WHERE  `is_show` = 1 ORDER BY `sort` DESC LIMIT 10 [ RunTime:0.033450s ]
[ sql ] [ SQL ] SHOW COLUMNS FROM `clt_new_activity` [ RunTime:0.033676s ]
[ sql ] [ SQL ] SELECT `id`,`title`,`lecture_time`,`name`,`lecture_venue`,`end_time`,`details_portrait`,`type` FROM `clt_new_activity` WHERE  `open` = '1'  AND `recommend_id` LIKE '%1%' ORDER BY `sort` DESC LIMIT 2 [ RunTime:0.033217s ]
[ sql ] [ SQL ] SHOW COLUMNS FROM `clt_new_activity_articletype` [ RunTime:0.033675s ]
[ sql ] [ SQL ] SELECT `rewrite` FROM `clt_new_activity_articletype` WHERE  `id` = 1 LIMIT 1 [ RunTime:0.033881s ]
[ sql ] [ SQL ] SELECT `rewrite` FROM `clt_new_activity_articletype` WHERE  `id` = 1 LIMIT 1 [ RunTime:0.034156s ]
[ sql ] [ SQL ] SHOW COLUMNS FROM `clt_new_article_type` [ RunTime:0.034141s ]
[ sql ] [ SQL ] SELECT * FROM `clt_new_article_type` WHERE  `id` IN (204,65,203,61,202,101) ORDER BY `sort` DESC LIMIT 6 [ RunTime:0.035189s ]
[ sql ] [ SQL ] SHOW COLUMNS FROM `clt_new_case` [ RunTime:0.033201s ]
[ sql ] [ SQL ] SELECT * FROM `clt_new_case` WHERE  `apply_stage` = 1  AND `is_show` = 1 ORDER BY `sort` DESC LIMIT 5 [ RunTime:0.053529s ]
[ sql ] [ SQL ] SHOW COLUMNS FROM `clt_new_article` [ RunTime:0.034366s ]
[ sql ] [ SQL ] SELECT * FROM `clt_new_article` WHERE  `type` = 65  AND `apply_stage` = 1  AND `is_show` = 1 ORDER BY `sort` DESC LIMIT 5 [ RunTime:0.074658s ]
[ sql ] [ SQL ] SELECT * FROM `clt_new_article` WHERE  `type` = 203  AND `apply_stage` = 1  AND `is_show` = 1 ORDER BY `sort` DESC LIMIT 5 [ RunTime:0.423612s ]
[ sql ] [ SQL ] SELECT * FROM `clt_new_article` WHERE  `type` = 61  AND `apply_stage` = 1  AND `is_show` = 1 ORDER BY `sort` DESC LIMIT 5 [ RunTime:0.124274s ]
[ sql ] [ SQL ] SELECT * FROM `clt_new_article` WHERE  `type` = 202  AND `apply_stage` = 1  AND `is_show` = 1 ORDER BY `sort` DESC LIMIT 5 [ RunTime:0.069920s ]
[ sql ] [ SQL ] SELECT * FROM `clt_new_article` WHERE  `type` = 101  AND `apply_stage` = 1  AND `is_show` = 1 ORDER BY `sort` DESC LIMIT 5 [ RunTime:0.083914s ]
[ error ] [8]未定义数组索引: keywords[E:\PHPTutorial\WWW\home.newweb.com\runtime\temp\d10380d12ae71c175e59bfc29dfaa7d5.php:291]
---------------------------------------------------------------
[ 2019-03-20T09:28:02+08:00 ] 127.0.0.1 GET home.newweb.com/college/
[运行时间：3.331153s] [吞吐率：0.30req/s] [内存消耗：4,790.59kb] [文件加载：105]
[ info ] [ LANG ] E:\PHPTutorial\WWW\home.newweb.com\thinkphp\lang\zh-cn.php
[ info ] [ ROUTE ] array (
)
[ info ] [ HEADER ] array (
  'cookie' => 'Hm_lvt_01e274a68687048b409421c6d427bdd1=1553045255; Hm_lpvt_01e274a68687048b409421c6d427bdd1=1553045266',
  'accept-language' => 'zh-CN,zh;q=0.9',
  'accept-encoding' => 'gzip, deflate',
  'referer' => 'http://home.newweb.com/middle/',
  'accept' => 'text/html,application/xhtml+xml,application/xml;q=0.9,image/webp,image/apng,*/*;q=0.8',
  'user-agent' => 'Mozilla/5.0 (Windows NT 10.0; Win64; x64) AppleWebKit/537.36 (KHTML, like Gecko) Chrome/67.0.3396.87 Safari/537.36',
  'upgrade-insecure-requests' => '1',
  'connection' => 'keep-alive',
  'host' => 'home.newweb.com',
  'content-length' => '',
  'content-type' => '',
)
[ info ] [ PARAM ] array (
)
[ info ] [ DB ] INIT mysql
[ info ] [ DB ] INIT mysql
[ info ] [ VIEW ] E:\PHPTutorial\WWW\home.newweb.com\application\home\view\apply\undergraduate.html [ array (
  0 => 'admin_path',
  1 => 'action',
  2 => 'controller',
  3 => 'title',
  4 => 'keywords',
  5 => 'description',
  6 => 'category',
  7 => 'adList',
  8 => 'linkList',
  9 => 'changyan',
  10 => 'time',
  11 => 'pc_url',
  12 => 'column_tdk_res',
  13 => 'offer_list',
  14 => 'case_list',
  15 => 'list',
  16 => 'bj_list',
  17 => 'activity_list',
  18 => 'article_type_list',
  19 => 'pics',
) ]
[ sql ] [ DB ] CONNECT:[ UseTime:0.052851s ] mysql:host=47.104.25.221;port=3306;dbname=xinweb;charset=utf8
[ sql ] [ SQL ] SHOW COLUMNS FROM `clt_category` [ RunTime:0.033476s ]
[ sql ] [ SQL ] SELECT * FROM `clt_category` WHERE  `id` IS NULL LIMIT 1 [ RunTime:0.037612s ]
[ sql ] [ DB ] CONNECT:[ UseTime:0.052805s ] mysql:host=47.104.25.221;port=3306;dbname=xinweb;charset=utf8
[ sql ] [ SQL ] SHOW COLUMNS FROM `clt_plugin` [ RunTime:0.033249s ]
[ sql ] [ SQL ] SELECT * FROM `clt_plugin` WHERE  `code` = 'changyan' LIMIT 1 [ RunTime:0.035524s ]
[ sql ] [ SQL ] SHOW COLUMNS FROM `clt_new_adv` [ RunTime:0.036143s ]
[ sql ] [ SQL ] SELECT `id`,`title`,`pic`,`is_target`,`url` FROM `clt_new_adv` WHERE  `adv_type_id` = 2  AND `is_show` = 1 ORDER BY `sort` DESC [ RunTime:0.036914s ]
[ sql ] [ SQL ] SHOW COLUMNS FROM `clt_new_tutor_type` [ RunTime:0.035919s ]
[ sql ] [ SQL ] SELECT * FROM `clt_new_tutor_type` [ RunTime:0.033628s ]
[ sql ] [ SQL ] SHOW COLUMNS FROM `clt_new_tutor` [ RunTime:0.033831s ]
[ sql ] [ SQL ] SELECT `id`,`title`,`thumbnail`,`adept`,`type` FROM `clt_new_tutor` WHERE  `open` = 1  AND `type` = 1 ORDER BY `sort` DESC LIMIT 6 [ RunTime:0.033756s ]
[ sql ] [ SQL ] SELECT `id`,`title`,`thumbnail`,`adept`,`type` FROM `clt_new_tutor` WHERE  `open` = 1  AND `type` = 2 ORDER BY `sort` DESC LIMIT 6 [ RunTime:0.039782s ]
[ sql ] [ SQL ] SELECT `id`,`title`,`thumbnail`,`school`,`major`,`type`,`add_time` FROM `clt_new_tutor` WHERE  `open` = 1  AND `type` = 3 ORDER BY `sort` DESC LIMIT 6 [ RunTime:0.035691s ]
[ sql ] [ SQL ] SELECT `id`,`title`,`thumbnail`,`adept`,`type` FROM `clt_new_tutor` WHERE  `open` = 1  AND `type` = 4 ORDER BY `sort` DESC LIMIT 6 [ RunTime:0.034110s ]
[ sql ] [ SQL ] SELECT `id`,`title`,`thumbnail`,`school`,`major`,`type` FROM `clt_new_tutor` WHERE  `open` = 1  AND `type` = 5 ORDER BY `sort` DESC LIMIT 6 [ RunTime:0.036538s ]
[ sql ] [ SQL ] SELECT `id`,`title`,`thumbnail`,`adept`,`type`,`major` FROM `clt_new_tutor` WHERE  `open` = 1  AND `type` = 6 ORDER BY `sort` DESC LIMIT 6 [ RunTime:0.036064s ]
[ sql ] [ SQL ] SHOW COLUMNS FROM `clt_new_bg_promote_type` [ RunTime:0.034926s ]
[ sql ] [ SQL ] SELECT `id`,`bg_promote_type`,`rewrite` FROM `clt_new_bg_promote_type` WHERE  `id` NOT IN (4,5,6) [ RunTime:0.033337s ]
[ sql ] [ SQL ] SHOW COLUMNS FROM `clt_new_bg_promote` [ RunTime:0.034856s ]
[ sql ] [ SQL ] SELECT `id`,`title`,`is_hot`,`harvest`,`target_object`,`type`,`thumbnail`,`activity_time` FROM `clt_new_bg_promote` WHERE  `type` = 1  AND `open` = '1' ORDER BY `sort` DESC LIMIT 5 [ RunTime:0.034031s ]
[ sql ] [ SQL ] SELECT `id`,`title`,`is_hot`,`harvest`,`target_object`,`type`,`thumbnail`,`activity_time` FROM `clt_new_bg_promote` WHERE  `type` = 2  AND `open` = '1' ORDER BY `sort` DESC LIMIT 5 [ RunTime:0.037433s ]
[ sql ] [ SQL ] SELECT `id`,`title`,`is_hot`,`harvest`,`target_object`,`type`,`thumbnail`,`activity_time` FROM `clt_new_bg_promote` WHERE  `type` = 3  AND `open` = '1' ORDER BY `sort` DESC LIMIT 5 [ RunTime:0.035629s ]
[ sql ] [ SQL ] SHOW COLUMNS FROM `clt_new_offer` [ RunTime:0.035611s ]
[ sql ] [ SQL ] SELECT * FROM `clt_new_offer` WHERE  `is_show` = 1  AND `apply_stage` = '2' ORDER BY `sort` DESC LIMIT 8 [ RunTime:0.037811s ]
[ sql ] [ SQL ] SHOW COLUMNS FROM `clt_new_case` [ RunTime:0.035496s ]
[ sql ] [ SQL ] SELECT `id`,`student_name`,`score`,`school_name`,`head_img`,`xx_offer`,`xx_name`,`tui_ids` FROM `clt_new_case` WHERE  `is_show` = 1  AND `apply_stage` = 2  AND `tui_ids` LIKE '%17%' ORDER BY `sort` DESC LIMIT 10 [ RunTime:0.038039s ]
[ sql ] [ SQL ] SHOW COLUMNS FROM `clt_new_activity` [ RunTime:0.033913s ]
[ sql ] [ SQL ] SELECT `id`,`title`,`lecture_time`,`name`,`lecture_venue`,`end_time`,`details_portrait`,`type` FROM `clt_new_activity` WHERE  `open` = '1'  AND `recommend_id` LIKE '%2%' ORDER BY `sort` DESC LIMIT 2 [ RunTime:0.035492s ]
[ sql ] [ SQL ] SHOW COLUMNS FROM `clt_new_activity_articletype` [ RunTime:0.033340s ]
[ sql ] [ SQL ] SELECT `rewrite` FROM `clt_new_activity_articletype` WHERE  `id` = 1 LIMIT 1 [ RunTime:0.033234s ]
[ sql ] [ SQL ] SELECT `rewrite` FROM `clt_new_activity_articletype` WHERE  `id` = 1 LIMIT 1 [ RunTime:0.033393s ]
[ sql ] [ SQL ] SHOW COLUMNS FROM `clt_new_article_type` [ RunTime:0.047737s ]
[ sql ] [ SQL ] SELECT * FROM `clt_new_article_type` WHERE  `id` IN (65,203,61,200,199,101,198) ORDER BY `sort` DESC LIMIT 6 [ RunTime:0.037142s ]
[ sql ] [ SQL ] SHOW COLUMNS FROM `clt_new_article` [ RunTime:0.034204s ]
[ sql ] [ SQL ] SELECT * FROM `clt_new_article` WHERE  `type` = 65  AND `apply_stage` = 2  AND `is_show` = 1 ORDER BY `sort` DESC LIMIT 5 [ RunTime:0.077602s ]
[ sql ] [ SQL ] SELECT * FROM `clt_new_article` WHERE  `type` = 203  AND `apply_stage` = 2  AND `is_show` = 1 ORDER BY `sort` DESC LIMIT 5 [ RunTime:1.318543s ]
[ sql ] [ SQL ] SELECT * FROM `clt_new_article` WHERE  `type` = 61  AND `apply_stage` = 2  AND `is_show` = 1 ORDER BY `sort` DESC LIMIT 5 [ RunTime:0.160440s ]
[ sql ] [ SQL ] SELECT * FROM `clt_new_article` WHERE  `type` = 101  AND `apply_stage` = 2  AND `is_show` = 1 ORDER BY `sort` DESC LIMIT 5 [ RunTime:0.110445s ]
[ sql ] [ SQL ] SELECT * FROM `clt_new_article` WHERE  `type` = 200  AND `apply_stage` = 2  AND `is_show` = 1 ORDER BY `sort` DESC LIMIT 5 [ RunTime:0.129862s ]
[ sql ] [ SQL ] SELECT * FROM `clt_new_article` WHERE  `type` = 199  AND `apply_stage` = 2  AND `is_show` = 1 ORDER BY `sort` DESC LIMIT 5 [ RunTime:0.078148s ]
[ error ] [8]未定义数组索引: keywords[E:\PHPTutorial\WWW\home.newweb.com\runtime\temp\69105a7442d7fad584b0a21aab49fe23.php:292]
---------------------------------------------------------------
[ 2019-03-20T09:28:16+08:00 ] 127.0.0.1 GET home.newweb.com/graduate/
[运行时间：3.187242s] [吞吐率：0.31req/s] [内存消耗：4,876.79kb] [文件加载：105]
[ info ] [ LANG ] E:\PHPTutorial\WWW\home.newweb.com\thinkphp\lang\zh-cn.php
[ info ] [ ROUTE ] array (
)
[ info ] [ HEADER ] array (
  'cookie' => 'Hm_lvt_01e274a68687048b409421c6d427bdd1=1553045255; Hm_lpvt_01e274a68687048b409421c6d427bdd1=1553045283',
  'accept-language' => 'zh-CN,zh;q=0.9',
  'accept-encoding' => 'gzip, deflate',
  'referer' => 'http://home.newweb.com/college/',
  'accept' => 'text/html,application/xhtml+xml,application/xml;q=0.9,image/webp,image/apng,*/*;q=0.8',
  'user-agent' => 'Mozilla/5.0 (Windows NT 10.0; Win64; x64) AppleWebKit/537.36 (KHTML, like Gecko) Chrome/67.0.3396.87 Safari/537.36',
  'upgrade-insecure-requests' => '1',
  'connection' => 'keep-alive',
  'host' => 'home.newweb.com',
  'content-length' => '',
  'content-type' => '',
)
[ info ] [ PARAM ] array (
)
[ info ] [ DB ] INIT mysql
[ info ] [ DB ] INIT mysql
[ info ] [ VIEW ] E:\PHPTutorial\WWW\home.newweb.com\application\home\view\apply\graduate_student.html [ array (
  0 => 'admin_path',
  1 => 'action',
  2 => 'controller',
  3 => 'title',
  4 => 'keywords',
  5 => 'description',
  6 => 'category',
  7 => 'adList',
  8 => 'linkList',
  9 => 'changyan',
  10 => 'time',
  11 => 'pc_url',
  12 => 'column_tdk_res',
  13 => 'offer_list',
  14 => 'initials_arr',
  15 => 'case_list',
  16 => 'list',
  17 => 'bj_list',
  18 => 'activity_list',
  19 => 'article_type_list',
  20 => 'pics',
) ]
[ sql ] [ DB ] CONNECT:[ UseTime:0.047416s ] mysql:host=47.104.25.221;port=3306;dbname=xinweb;charset=utf8
[ sql ] [ SQL ] SHOW COLUMNS FROM `clt_category` [ RunTime:0.035450s ]
[ sql ] [ SQL ] SELECT * FROM `clt_category` WHERE  `id` IS NULL LIMIT 1 [ RunTime:0.031626s ]
[ sql ] [ DB ] CONNECT:[ UseTime:0.048935s ] mysql:host=47.104.25.221;port=3306;dbname=xinweb;charset=utf8
[ sql ] [ SQL ] SHOW COLUMNS FROM `clt_plugin` [ RunTime:0.028897s ]
[ sql ] [ SQL ] SELECT * FROM `clt_plugin` WHERE  `code` = 'changyan' LIMIT 1 [ RunTime:0.031400s ]
[ sql ] [ SQL ] SHOW COLUMNS FROM `clt_new_adv` [ RunTime:0.031242s ]
[ sql ] [ SQL ] SELECT `id`,`title`,`pic`,`is_target`,`url` FROM `clt_new_adv` WHERE  `adv_type_id` = 3  AND `is_show` = 1 ORDER BY `sort` DESC [ RunTime:0.029742s ]
[ sql ] [ SQL ] SHOW COLUMNS FROM `clt_new_tutor_type` [ RunTime:0.032412s ]
[ sql ] [ SQL ] SELECT * FROM `clt_new_tutor_type` [ RunTime:0.030974s ]
[ sql ] [ SQL ] SHOW COLUMNS FROM `clt_new_tutor` [ RunTime:0.031666s ]
[ sql ] [ SQL ] SELECT `id`,`title`,`thumbnail`,`adept`,`type` FROM `clt_new_tutor` WHERE  `open` = 1  AND `type` = 1 ORDER BY `sort` DESC LIMIT 6 [ RunTime:0.030087s ]
[ sql ] [ SQL ] SELECT `id`,`title`,`thumbnail`,`adept`,`type` FROM `clt_new_tutor` WHERE  `open` = 1  AND `type` = 2 ORDER BY `sort` DESC LIMIT 6 [ RunTime:0.030391s ]
[ sql ] [ SQL ] SELECT `id`,`title`,`thumbnail`,`school`,`major`,`type`,`add_time` FROM `clt_new_tutor` WHERE  `open` = 1  AND `type` = 3 ORDER BY `sort` DESC LIMIT 6 [ RunTime:0.030053s ]
[ sql ] [ SQL ] SELECT `id`,`title`,`thumbnail`,`adept`,`type` FROM `clt_new_tutor` WHERE  `open` = 1  AND `type` = 4 ORDER BY `sort` DESC LIMIT 6 [ RunTime:0.029590s ]
[ sql ] [ SQL ] SELECT `id`,`title`,`thumbnail`,`school`,`major`,`type` FROM `clt_new_tutor` WHERE  `open` = 1  AND `type` = 5 ORDER BY `sort` DESC LIMIT 6 [ RunTime:0.029338s ]
[ sql ] [ SQL ] SELECT `id`,`title`,`thumbnail`,`adept`,`type`,`major` FROM `clt_new_tutor` WHERE  `open` = 1  AND `type` = 6 ORDER BY `sort` DESC LIMIT 6 [ RunTime:0.029733s ]
[ sql ] [ SQL ] SHOW COLUMNS FROM `clt_new_bg_promote_type` [ RunTime:0.030535s ]
[ sql ] [ SQL ] SELECT `id`,bg_promote_type as pro_title,`rewrite` FROM `clt_new_bg_promote_type` WHERE  `id` NOT IN (4,5,6) [ RunTime:0.030002s ]
[ sql ] [ SQL ] SHOW COLUMNS FROM `clt_new_bg_promote` [ RunTime:0.029175s ]
[ sql ] [ SQL ] SELECT `id`,`title`,`is_hot`,`harvest`,`type`,`target_object`,`thumbnail`,`activity_time` FROM `clt_new_bg_promote` WHERE  `type` = 1  AND `open` = '1' ORDER BY `sort` DESC LIMIT 5 [ RunTime:0.032791s ]
[ sql ] [ SQL ] SELECT `id`,`title`,`is_hot`,`harvest`,`type`,`target_object`,`thumbnail`,`activity_time` FROM `clt_new_bg_promote` WHERE  `type` = 2  AND `open` = '1' ORDER BY `sort` DESC LIMIT 5 [ RunTime:0.031175s ]
[ sql ] [ SQL ] SELECT `id`,`title`,`is_hot`,`harvest`,`type`,`target_object`,`thumbnail`,`activity_time` FROM `clt_new_bg_promote` WHERE  `type` = 3  AND `open` = '1' ORDER BY `sort` DESC LIMIT 5 [ RunTime:0.029798s ]
[ sql ] [ SQL ] SHOW COLUMNS FROM `clt_new_offer` [ RunTime:0.030540s ]
[ sql ] [ SQL ] SELECT * FROM `clt_new_offer` WHERE  `is_show` = 1  AND `apply_stage` = '3' ORDER BY `sort` DESC LIMIT 8 [ RunTime:0.029591s ]
[ sql ] [ SQL ] SHOW COLUMNS FROM `clt_new_case` [ RunTime:0.029392s ]
[ sql ] [ SQL ] SELECT `id`,`student_name`,`score`,`school_name`,`xx_offer`,`initials`,`experience`,`case_introduction_small`,`xx_name`,`xx_major`,`xx_degree` FROM `clt_new_case` WHERE  `is_show` = 1  AND `apply_stage` = 3  AND `tui_ids` LIKE '%18%' ORDER BY `sort` DESC LIMIT 6 [ RunTime:0.029976s ]
[ sql ] [ SQL ] SHOW COLUMNS FROM `clt_new_activity` [ RunTime:0.034574s ]
[ sql ] [ SQL ] SELECT `id`,`title`,`lecture_time`,`name`,`lecture_venue`,`end_time`,`details_portrait`,`type` FROM `clt_new_activity` WHERE  `open` = '1'  AND `recommend_id` LIKE '%3%' ORDER BY `sort` DESC LIMIT 2 [ RunTime:0.030889s ]
[ sql ] [ SQL ] SHOW COLUMNS FROM `clt_new_activity_articletype` [ RunTime:0.031807s ]
[ sql ] [ SQL ] SELECT `rewrite` FROM `clt_new_activity_articletype` WHERE  `id` = 1 LIMIT 1 [ RunTime:0.031929s ]
[ sql ] [ SQL ] SELECT `rewrite` FROM `clt_new_activity_articletype` WHERE  `id` = 1 LIMIT 1 [ RunTime:0.030598s ]
[ sql ] [ SQL ] SHOW COLUMNS FROM `clt_new_article_type` [ RunTime:0.030528s ]
[ sql ] [ SQL ] SELECT * FROM `clt_new_article_type` WHERE  `id` IN (65,203,61,200,199,101,198) ORDER BY `sort` DESC LIMIT 6 [ RunTime:0.030639s ]
[ sql ] [ SQL ] SHOW COLUMNS FROM `clt_new_article` [ RunTime:0.030852s ]
[ sql ] [ SQL ] SELECT * FROM `clt_new_article` WHERE  `type` = 65  AND `apply_stage` = 3  AND `is_show` = 1 ORDER BY `sort` DESC LIMIT 5 [ RunTime:0.048759s ]
[ sql ] [ SQL ] SELECT * FROM `clt_new_article` WHERE  `type` = 203  AND `apply_stage` = 3  AND `is_show` = 1 ORDER BY `sort` DESC LIMIT 5 [ RunTime:1.222147s ]
[ sql ] [ SQL ] SELECT * FROM `clt_new_article` WHERE  `type` = 61  AND `apply_stage` = 3  AND `is_show` = 1 ORDER BY `sort` DESC LIMIT 5 [ RunTime:0.311507s ]
[ sql ] [ SQL ] SELECT * FROM `clt_new_article` WHERE  `type` = 101  AND `apply_stage` = 3  AND `is_show` = 1 ORDER BY `sort` DESC LIMIT 5 [ RunTime:0.123576s ]
[ sql ] [ SQL ] SELECT * FROM `clt_new_article` WHERE  `type` = 200  AND `apply_stage` = 3  AND `is_show` = 1 ORDER BY `sort` DESC LIMIT 5 [ RunTime:0.148510s ]
[ sql ] [ SQL ] SELECT * FROM `clt_new_article` WHERE  `type` = 199  AND `apply_stage` = 3  AND `is_show` = 1 ORDER BY `sort` DESC LIMIT 5 [ RunTime:0.077571s ]
[ error ] [8]未定义数组下标: 0[E:\PHPTutorial\WWW\home.newweb.com\application\home\model\WhCase.php:51]
[ error ] [8]未定义数组下标: 0[E:\PHPTutorial\WWW\home.newweb.com\application\home\model\WhCase.php:51]
[ error ] [8]未定义数组下标: 0[E:\PHPTutorial\WWW\home.newweb.com\application\home\model\WhCase.php:51]
[ error ] [8]未定义数组下标: 0[E:\PHPTutorial\WWW\home.newweb.com\application\home\model\WhCase.php:51]
[ error ] [8]未定义数组下标: 0[E:\PHPTutorial\WWW\home.newweb.com\application\home\model\WhCase.php:51]
[ error ] [8]未定义数组下标: 0[E:\PHPTutorial\WWW\home.newweb.com\application\home\model\WhCase.php:51]
[ error ] [8]未定义数组索引: keywords[E:\PHPTutorial\WWW\home.newweb.com\runtime\temp\092abfdc86999b003a4eec42b8360017.php:296]
---------------------------------------------------------------
[ 2019-03-20T09:36:43+08:00 ] 127.0.0.1 GET home.newweb.com/page/polymerization.html
[运行时间：0.653222s] [吞吐率：1.53req/s] [内存消耗：3,846.04kb] [文件加载：100]
[ info ] [ LANG ] E:\PHPTutorial\WWW\home.newweb.com\thinkphp\lang\zh-cn.php
[ info ] [ ROUTE ] array (
)
[ info ] [ HEADER ] array (
  'cookie' => 'Hm_lvt_01e274a68687048b409421c6d427bdd1=1553045255; Hm_lpvt_01e274a68687048b409421c6d427bdd1=1553045296',
  'accept-language' => 'zh-CN,zh;q=0.9',
  'accept-encoding' => 'gzip, deflate',
  'referer' => 'http://home.newweb.com/middle/',
  'accept' => 'text/html,application/xhtml+xml,application/xml;q=0.9,image/webp,image/apng,*/*;q=0.8',
  'user-agent' => 'Mozilla/5.0 (Windows NT 10.0; Win64; x64) AppleWebKit/537.36 (KHTML, like Gecko) Chrome/67.0.3396.87 Safari/537.36',
  'upgrade-insecure-requests' => '1',
  'connection' => 'keep-alive',
  'host' => 'home.newweb.com',
  'content-length' => '',
  'content-type' => '',
)
[ info ] [ PARAM ] array (
)
[ info ] [ DB ] INIT mysql
[ info ] [ DB ] INIT mysql
[ info ] [ VIEW ] E:\PHPTutorial\WWW\home.newweb.com\application\home\view\promote\index.html [ array (
  0 => 'action',
  1 => 'controller',
  2 => 'title',
  3 => 'keywords',
  4 => 'description',
  5 => 'category',
  6 => 'adList',
  7 => 'linkList',
  8 => 'changyan',
  9 => 'time',
  10 => 'pc_url',
  11 => 'column_tdk_res',
  12 => 'promote_arr',
  13 => 'case_list',
) ]
[ sql ] [ DB ] CONNECT:[ UseTime:0.050122s ] mysql:host=47.104.25.221;port=3306;dbname=xinweb;charset=utf8
[ sql ] [ SQL ] SHOW COLUMNS FROM `clt_category` [ RunTime:0.038012s ]
[ sql ] [ SQL ] SELECT * FROM `clt_category` WHERE  `id` IS NULL LIMIT 1 [ RunTime:0.038073s ]
[ sql ] [ DB ] CONNECT:[ UseTime:0.043696s ] mysql:host=47.104.25.221;port=3306;dbname=xinweb;charset=utf8
[ sql ] [ SQL ] SHOW COLUMNS FROM `clt_plugin` [ RunTime:0.029292s ]
[ sql ] [ SQL ] SELECT * FROM `clt_plugin` WHERE  `code` = 'changyan' LIMIT 1 [ RunTime:0.030008s ]
[ sql ] [ SQL ] SHOW COLUMNS FROM `clt_new_bg_promote_type` [ RunTime:0.030065s ]
[ sql ] [ SQL ] SHOW COLUMNS FROM `clt_new_bg_promote` [ RunTime:0.029177s ]
[ sql ] [ SQL ] SELECT `promote_model`.`id`,`promote_model`.`title`,`promote_model`.`thumbnail`,`promote_model`.`target_object`,`promote_model`.`is_hot`,`promote_model`.`type`,`bg_promote_type`,`promote_brief`,`promote_map`,`rewrite`,info.id AS info__id,info.pro_title AS info__pro_title,info.pro_describe AS info__pro_describe,info.pro_keyword AS info__pro_keyword,info.promote_brief AS info__promote_brief,info.promote_map AS info__promote_map,info.promote_home AS info__promote_home,info.promote_icon AS info__promote_icon,info.bg_promote_type AS info__bg_promote_type,info.rewrite AS info__rewrite,info.is_hot AS info__is_hot FROM `clt_new_bg_promote` `promote_model` INNER JOIN `clt_new_bg_promote_type` `info` ON `promote_model`.`type`=`info`.`id` WHERE  `open` = '1' ORDER BY `sort` DESC [ RunTime:0.109973s ]
[ sql ] [ SQL ] SHOW COLUMNS FROM `clt_new_article` [ RunTime:0.029236s ]
[ sql ] [ SQL ] SELECT `id`,`title`,`cover_pic` FROM `clt_new_article` WHERE  `is_show` = 1  AND `tui_ids` LIKE '19' ORDER BY `sort` DESC [ RunTime:0.031874s ]
[ error ] [8]未定义数组索引: keywords[E:\PHPTutorial\WWW\home.newweb.com\runtime\temp\eb63c67daafd4333f39d9b04e7e2dc27.php:284]
---------------------------------------------------------------
[ 2019-03-20T09:36:52+08:00 ] 127.0.0.1 GET home.newweb.com/graduate/
[运行时间：3.447084s] [吞吐率：0.29req/s] [内存消耗：4,601.10kb] [文件加载：102]
[ info ] [ LANG ] E:\PHPTutorial\WWW\home.newweb.com\thinkphp\lang\zh-cn.php
[ info ] [ ROUTE ] array (
)
[ info ] [ HEADER ] array (
  'cookie' => 'Hm_lvt_01e274a68687048b409421c6d427bdd1=1553045255; Hm_lpvt_01e274a68687048b409421c6d427bdd1=1553045803',
  'accept-language' => 'zh-CN,zh;q=0.9',
  'accept-encoding' => 'gzip, deflate',
  'accept' => 'text/html,application/xhtml+xml,application/xml;q=0.9,image/webp,image/apng,*/*;q=0.8',
  'user-agent' => 'Mozilla/5.0 (Windows NT 10.0; Win64; x64) AppleWebKit/537.36 (KHTML, like Gecko) Chrome/67.0.3396.87 Safari/537.36',
  'upgrade-insecure-requests' => '1',
  'connection' => 'keep-alive',
  'host' => 'home.newweb.com',
  'content-length' => '',
  'content-type' => '',
)
[ info ] [ PARAM ] array (
)
[ info ] [ DB ] INIT mysql
[ info ] [ DB ] INIT mysql
[ info ] [ VIEW ] E:\PHPTutorial\WWW\home.newweb.com\application\home\view\apply\graduate_student.html [ array (
  0 => 'admin_path',
  1 => 'action',
  2 => 'controller',
  3 => 'title',
  4 => 'keywords',
  5 => 'description',
  6 => 'category',
  7 => 'adList',
  8 => 'linkList',
  9 => 'changyan',
  10 => 'time',
  11 => 'pc_url',
  12 => 'column_tdk_res',
  13 => 'offer_list',
  14 => 'initials_arr',
  15 => 'case_list',
  16 => 'list',
  17 => 'bj_list',
  18 => 'activity_list',
  19 => 'article_type_list',
  20 => 'pics',
) ]
[ sql ] [ DB ] CONNECT:[ UseTime:0.043935s ] mysql:host=47.104.25.221;port=3306;dbname=xinweb;charset=utf8
[ sql ] [ SQL ] SHOW COLUMNS FROM `clt_category` [ RunTime:0.028998s ]
[ sql ] [ SQL ] SELECT * FROM `clt_category` WHERE  `id` IS NULL LIMIT 1 [ RunTime:0.030734s ]
[ sql ] [ DB ] CONNECT:[ UseTime:0.063228s ] mysql:host=47.104.25.221;port=3306;dbname=xinweb;charset=utf8
[ sql ] [ SQL ] SHOW COLUMNS FROM `clt_plugin` [ RunTime:0.034240s ]
[ sql ] [ SQL ] SELECT * FROM `clt_plugin` WHERE  `code` = 'changyan' LIMIT 1 [ RunTime:0.035167s ]
[ sql ] [ SQL ] SHOW COLUMNS FROM `clt_new_adv` [ RunTime:0.034370s ]
[ sql ] [ SQL ] SELECT `id`,`title`,`pic`,`is_target`,`url` FROM `clt_new_adv` WHERE  `adv_type_id` = 3  AND `is_show` = 1 ORDER BY `sort` DESC [ RunTime:0.035226s ]
[ sql ] [ SQL ] SHOW COLUMNS FROM `clt_new_tutor_type` [ RunTime:0.034990s ]
[ sql ] [ SQL ] SELECT * FROM `clt_new_tutor_type` [ RunTime:0.034430s ]
[ sql ] [ SQL ] SHOW COLUMNS FROM `clt_new_tutor` [ RunTime:0.037939s ]
[ sql ] [ SQL ] SELECT `id`,`title`,`thumbnail`,`adept`,`type` FROM `clt_new_tutor` WHERE  `open` = 1  AND `type` = 1 ORDER BY `sort` DESC LIMIT 6 [ RunTime:0.038945s ]
[ sql ] [ SQL ] SELECT `id`,`title`,`thumbnail`,`adept`,`type` FROM `clt_new_tutor` WHERE  `open` = 1  AND `type` = 2 ORDER BY `sort` DESC LIMIT 6 [ RunTime:0.036497s ]
[ sql ] [ SQL ] SELECT `id`,`title`,`thumbnail`,`school`,`major`,`type`,`add_time` FROM `clt_new_tutor` WHERE  `open` = 1  AND `type` = 3 ORDER BY `sort` DESC LIMIT 6 [ RunTime:0.035734s ]
[ sql ] [ SQL ] SELECT `id`,`title`,`thumbnail`,`adept`,`type` FROM `clt_new_tutor` WHERE  `open` = 1  AND `type` = 4 ORDER BY `sort` DESC LIMIT 6 [ RunTime:0.033965s ]
[ sql ] [ SQL ] SELECT `id`,`title`,`thumbnail`,`school`,`major`,`type` FROM `clt_new_tutor` WHERE  `open` = 1  AND `type` = 5 ORDER BY `sort` DESC LIMIT 6 [ RunTime:0.033965s ]
[ sql ] [ SQL ] SELECT `id`,`title`,`thumbnail`,`adept`,`type`,`major` FROM `clt_new_tutor` WHERE  `open` = 1  AND `type` = 6 ORDER BY `sort` DESC LIMIT 6 [ RunTime:0.038246s ]
[ sql ] [ SQL ] SHOW COLUMNS FROM `clt_new_bg_promote_type` [ RunTime:0.035429s ]
[ sql ] [ SQL ] SELECT `id`,bg_promote_type as pro_title,`rewrite` FROM `clt_new_bg_promote_type` WHERE  `id` NOT IN (4,5,6) [ RunTime:0.042006s ]
[ sql ] [ SQL ] SHOW COLUMNS FROM `clt_new_bg_promote` [ RunTime:0.035675s ]
[ sql ] [ SQL ] SELECT `id`,`title`,`is_hot`,`harvest`,`type`,`target_object`,`thumbnail`,`activity_time` FROM `clt_new_bg_promote` WHERE  `type` = 1  AND `open` = '1' ORDER BY `sort` DESC LIMIT 5 [ RunTime:0.033832s ]
[ sql ] [ SQL ] SELECT `id`,`title`,`is_hot`,`harvest`,`type`,`target_object`,`thumbnail`,`activity_time` FROM `clt_new_bg_promote` WHERE  `type` = 2  AND `open` = '1' ORDER BY `sort` DESC LIMIT 5 [ RunTime:0.033141s ]
[ sql ] [ SQL ] SELECT `id`,`title`,`is_hot`,`harvest`,`type`,`target_object`,`thumbnail`,`activity_time` FROM `clt_new_bg_promote` WHERE  `type` = 3  AND `open` = '1' ORDER BY `sort` DESC LIMIT 5 [ RunTime:0.033855s ]
[ sql ] [ SQL ] SHOW COLUMNS FROM `clt_new_offer` [ RunTime:0.037471s ]
[ sql ] [ SQL ] SELECT * FROM `clt_new_offer` WHERE  `is_show` = 1  AND `apply_stage` = '3' ORDER BY `sort` DESC LIMIT 8 [ RunTime:0.033344s ]
[ sql ] [ SQL ] SHOW COLUMNS FROM `clt_new_case` [ RunTime:0.035099s ]
[ sql ] [ SQL ] SELECT `id`,`student_name`,`score`,`school_name`,`xx_offer`,`initials`,`experience`,`case_introduction_small`,`xx_name`,`xx_major`,`xx_degree` FROM `clt_new_case` WHERE  `is_show` = 1  AND `apply_stage` = 3  AND `tui_ids` LIKE '%18%' ORDER BY `sort` DESC LIMIT 6 [ RunTime:0.041617s ]
[ sql ] [ SQL ] SHOW COLUMNS FROM `clt_new_activity` [ RunTime:0.040089s ]
[ sql ] [ SQL ] SELECT `id`,`title`,`lecture_time`,`name`,`lecture_venue`,`end_time`,`details_portrait`,`type` FROM `clt_new_activity` WHERE  `open` = '1'  AND `recommend_id` LIKE '%3%' ORDER BY `sort` DESC LIMIT 2 [ RunTime:0.033806s ]
[ sql ] [ SQL ] SHOW COLUMNS FROM `clt_new_activity_articletype` [ RunTime:0.039330s ]
[ sql ] [ SQL ] SELECT `rewrite` FROM `clt_new_activity_articletype` WHERE  `id` = 1 LIMIT 1 [ RunTime:0.033751s ]
[ sql ] [ SQL ] SELECT `rewrite` FROM `clt_new_activity_articletype` WHERE  `id` = 1 LIMIT 1 [ RunTime:0.036180s ]
[ sql ] [ SQL ] SHOW COLUMNS FROM `clt_new_article_type` [ RunTime:0.036623s ]
[ sql ] [ SQL ] SELECT * FROM `clt_new_article_type` WHERE  `id` IN (65,203,61,200,199,101,198) ORDER BY `sort` DESC LIMIT 6 [ RunTime:0.034498s ]
[ sql ] [ SQL ] SHOW COLUMNS FROM `clt_new_article` [ RunTime:0.044964s ]
[ sql ] [ SQL ] SELECT * FROM `clt_new_article` WHERE  `type` = 65  AND `apply_stage` = 3  AND `is_show` = 1 ORDER BY `sort` DESC LIMIT 5 [ RunTime:0.064939s ]
[ sql ] [ SQL ] SELECT * FROM `clt_new_article` WHERE  `type` = 203  AND `apply_stage` = 3  AND `is_show` = 1 ORDER BY `sort` DESC LIMIT 5 [ RunTime:1.274424s ]
[ sql ] [ SQL ] SELECT * FROM `clt_new_article` WHERE  `type` = 61  AND `apply_stage` = 3  AND `is_show` = 1 ORDER BY `sort` DESC LIMIT 5 [ RunTime:0.101605s ]
[ sql ] [ SQL ] SELECT * FROM `clt_new_article` WHERE  `type` = 101  AND `apply_stage` = 3  AND `is_show` = 1 ORDER BY `sort` DESC LIMIT 5 [ RunTime:0.106370s ]
[ sql ] [ SQL ] SELECT * FROM `clt_new_article` WHERE  `type` = 200  AND `apply_stage` = 3  AND `is_show` = 1 ORDER BY `sort` DESC LIMIT 5 [ RunTime:0.169199s ]
[ sql ] [ SQL ] SELECT * FROM `clt_new_article` WHERE  `type` = 199  AND `apply_stage` = 3  AND `is_show` = 1 ORDER BY `sort` DESC LIMIT 5 [ RunTime:0.352221s ]
[ error ] [8]未定义数组下标: 0[E:\PHPTutorial\WWW\home.newweb.com\application\home\model\WhCase.php:51]
[ error ] [8]未定义数组下标: 0[E:\PHPTutorial\WWW\home.newweb.com\application\home\model\WhCase.php:51]
[ error ] [8]未定义数组下标: 0[E:\PHPTutorial\WWW\home.newweb.com\application\home\model\WhCase.php:51]
[ error ] [8]未定义数组下标: 0[E:\PHPTutorial\WWW\home.newweb.com\application\home\model\WhCase.php:51]
[ error ] [8]未定义数组下标: 0[E:\PHPTutorial\WWW\home.newweb.com\application\home\model\WhCase.php:51]
[ error ] [8]未定义数组下标: 0[E:\PHPTutorial\WWW\home.newweb.com\application\home\model\WhCase.php:51]
[ error ] [8]未定义数组索引: keywords[E:\PHPTutorial\WWW\home.newweb.com\runtime\temp\092abfdc86999b003a4eec42b8360017.php:296]
---------------------------------------------------------------
[ 2019-03-20T09:37:00+08:00 ] 127.0.0.1 GET home.newweb.com/college/
[运行时间：3.121880s] [吞吐率：0.32req/s] [内存消耗：4,539.43kb] [文件加载：102]
[ info ] [ LANG ] E:\PHPTutorial\WWW\home.newweb.com\thinkphp\lang\zh-cn.php
[ info ] [ ROUTE ] array (
)
[ info ] [ HEADER ] array (
  'cookie' => 'Hm_lvt_01e274a68687048b409421c6d427bdd1=1553045255; Hm_lpvt_01e274a68687048b409421c6d427bdd1=1553045813',
  'accept-language' => 'zh-CN,zh;q=0.9',
  'accept-encoding' => 'gzip, deflate',
  'accept' => 'text/html,application/xhtml+xml,application/xml;q=0.9,image/webp,image/apng,*/*;q=0.8',
  'user-agent' => 'Mozilla/5.0 (Windows NT 10.0; Win64; x64) AppleWebKit/537.36 (KHTML, like Gecko) Chrome/67.0.3396.87 Safari/537.36',
  'upgrade-insecure-requests' => '1',
  'connection' => 'keep-alive',
  'host' => 'home.newweb.com',
  'content-length' => '',
  'content-type' => '',
)
[ info ] [ PARAM ] array (
)
[ info ] [ DB ] INIT mysql
[ info ] [ DB ] INIT mysql
[ info ] [ VIEW ] E:\PHPTutorial\WWW\home.newweb.com\application\home\view\apply\undergraduate.html [ array (
  0 => 'admin_path',
  1 => 'action',
  2 => 'controller',
  3 => 'title',
  4 => 'keywords',
  5 => 'description',
  6 => 'category',
  7 => 'adList',
  8 => 'linkList',
  9 => 'changyan',
  10 => 'time',
  11 => 'pc_url',
  12 => 'column_tdk_res',
  13 => 'offer_list',
  14 => 'case_list',
  15 => 'list',
  16 => 'bj_list',
  17 => 'activity_list',
  18 => 'article_type_list',
  19 => 'pics',
) ]
[ sql ] [ DB ] CONNECT:[ UseTime:0.053203s ] mysql:host=47.104.25.221;port=3306;dbname=xinweb;charset=utf8
[ sql ] [ SQL ] SHOW COLUMNS FROM `clt_category` [ RunTime:0.035045s ]
[ sql ] [ SQL ] SELECT * FROM `clt_category` WHERE  `id` IS NULL LIMIT 1 [ RunTime:0.034813s ]
[ sql ] [ DB ] CONNECT:[ UseTime:0.043186s ] mysql:host=47.104.25.221;port=3306;dbname=xinweb;charset=utf8
[ sql ] [ SQL ] SHOW COLUMNS FROM `clt_plugin` [ RunTime:0.029799s ]
[ sql ] [ SQL ] SELECT * FROM `clt_plugin` WHERE  `code` = 'changyan' LIMIT 1 [ RunTime:0.029661s ]
[ sql ] [ SQL ] SHOW COLUMNS FROM `clt_new_adv` [ RunTime:0.034129s ]
[ sql ] [ SQL ] SELECT `id`,`title`,`pic`,`is_target`,`url` FROM `clt_new_adv` WHERE  `adv_type_id` = 2  AND `is_show` = 1 ORDER BY `sort` DESC [ RunTime:0.030174s ]
[ sql ] [ SQL ] SHOW COLUMNS FROM `clt_new_tutor_type` [ RunTime:0.029659s ]
[ sql ] [ SQL ] SELECT * FROM `clt_new_tutor_type` [ RunTime:0.029798s ]
[ sql ] [ SQL ] SHOW COLUMNS FROM `clt_new_tutor` [ RunTime:0.035611s ]
[ sql ] [ SQL ] SELECT `id`,`title`,`thumbnail`,`adept`,`type` FROM `clt_new_tutor` WHERE  `open` = 1  AND `type` = 1 ORDER BY `sort` DESC LIMIT 6 [ RunTime:0.038265s ]
[ sql ] [ SQL ] SELECT `id`,`title`,`thumbnail`,`adept`,`type` FROM `clt_new_tutor` WHERE  `open` = 1  AND `type` = 2 ORDER BY `sort` DESC LIMIT 6 [ RunTime:0.033194s ]
[ sql ] [ SQL ] SELECT `id`,`title`,`thumbnail`,`school`,`major`,`type`,`add_time` FROM `clt_new_tutor` WHERE  `open` = 1  AND `type` = 3 ORDER BY `sort` DESC LIMIT 6 [ RunTime:0.030776s ]
[ sql ] [ SQL ] SELECT `id`,`title`,`thumbnail`,`adept`,`type` FROM `clt_new_tutor` WHERE  `open` = 1  AND `type` = 4 ORDER BY `sort` DESC LIMIT 6 [ RunTime:0.030463s ]
[ sql ] [ SQL ] SELECT `id`,`title`,`thumbnail`,`school`,`major`,`type` FROM `clt_new_tutor` WHERE  `open` = 1  AND `type` = 5 ORDER BY `sort` DESC LIMIT 6 [ RunTime:0.031528s ]
[ sql ] [ SQL ] SELECT `id`,`title`,`thumbnail`,`adept`,`type`,`major` FROM `clt_new_tutor` WHERE  `open` = 1  AND `type` = 6 ORDER BY `sort` DESC LIMIT 6 [ RunTime:0.029282s ]
[ sql ] [ SQL ] SHOW COLUMNS FROM `clt_new_bg_promote_type` [ RunTime:0.031190s ]
[ sql ] [ SQL ] SELECT `id`,`bg_promote_type`,`rewrite` FROM `clt_new_bg_promote_type` WHERE  `id` NOT IN (4,5,6) [ RunTime:0.029190s ]
[ sql ] [ SQL ] SHOW COLUMNS FROM `clt_new_bg_promote` [ RunTime:0.035407s ]
[ sql ] [ SQL ] SELECT `id`,`title`,`is_hot`,`harvest`,`target_object`,`type`,`thumbnail`,`activity_time` FROM `clt_new_bg_promote` WHERE  `type` = 1  AND `open` = '1' ORDER BY `sort` DESC LIMIT 5 [ RunTime:0.029696s ]
[ sql ] [ SQL ] SELECT `id`,`title`,`is_hot`,`harvest`,`target_object`,`type`,`thumbnail`,`activity_time` FROM `clt_new_bg_promote` WHERE  `type` = 2  AND `open` = '1' ORDER BY `sort` DESC LIMIT 5 [ RunTime:0.029485s ]
[ sql ] [ SQL ] SELECT `id`,`title`,`is_hot`,`harvest`,`target_object`,`type`,`thumbnail`,`activity_time` FROM `clt_new_bg_promote` WHERE  `type` = 3  AND `open` = '1' ORDER BY `sort` DESC LIMIT 5 [ RunTime:0.029120s ]
[ sql ] [ SQL ] SHOW COLUMNS FROM `clt_new_offer` [ RunTime:0.032053s ]
[ sql ] [ SQL ] SELECT * FROM `clt_new_offer` WHERE  `is_show` = 1  AND `apply_stage` = '2' ORDER BY `sort` DESC LIMIT 8 [ RunTime:0.031349s ]
[ sql ] [ SQL ] SHOW COLUMNS FROM `clt_new_case` [ RunTime:0.029334s ]
[ sql ] [ SQL ] SELECT `id`,`student_name`,`score`,`school_name`,`head_img`,`xx_offer`,`xx_name`,`tui_ids` FROM `clt_new_case` WHERE  `is_show` = 1  AND `apply_stage` = 2  AND `tui_ids` LIKE '%17%' ORDER BY `sort` DESC LIMIT 10 [ RunTime:0.029579s ]
[ sql ] [ SQL ] SHOW COLUMNS FROM `clt_new_activity` [ RunTime:0.036339s ]
[ sql ] [ SQL ] SELECT `id`,`title`,`lecture_time`,`name`,`lecture_venue`,`end_time`,`details_portrait`,`type` FROM `clt_new_activity` WHERE  `open` = '1'  AND `recommend_id` LIKE '%2%' ORDER BY `sort` DESC LIMIT 2 [ RunTime:0.029693s ]
[ sql ] [ SQL ] SHOW COLUMNS FROM `clt_new_activity_articletype` [ RunTime:0.033514s ]
[ sql ] [ SQL ] SELECT `rewrite` FROM `clt_new_activity_articletype` WHERE  `id` = 1 LIMIT 1 [ RunTime:0.029930s ]
[ sql ] [ SQL ] SELECT `rewrite` FROM `clt_new_activity_articletype` WHERE  `id` = 1 LIMIT 1 [ RunTime:0.033473s ]
[ sql ] [ SQL ] SHOW COLUMNS FROM `clt_new_article_type` [ RunTime:0.031595s ]
[ sql ] [ SQL ] SELECT * FROM `clt_new_article_type` WHERE  `id` IN (65,203,61,200,199,101,198) ORDER BY `sort` DESC LIMIT 6 [ RunTime:0.030485s ]
[ sql ] [ SQL ] SHOW COLUMNS FROM `clt_new_article` [ RunTime:0.029252s ]
[ sql ] [ SQL ] SELECT * FROM `clt_new_article` WHERE  `type` = 65  AND `apply_stage` = 2  AND `is_show` = 1 ORDER BY `sort` DESC LIMIT 5 [ RunTime:0.061132s ]
[ sql ] [ SQL ] SELECT * FROM `clt_new_article` WHERE  `type` = 203  AND `apply_stage` = 2  AND `is_show` = 1 ORDER BY `sort` DESC LIMIT 5 [ RunTime:1.289443s ]
[ sql ] [ SQL ] SELECT * FROM `clt_new_article` WHERE  `type` = 61  AND `apply_stage` = 2  AND `is_show` = 1 ORDER BY `sort` DESC LIMIT 5 [ RunTime:0.063907s ]
[ sql ] [ SQL ] SELECT * FROM `clt_new_article` WHERE  `type` = 101  AND `apply_stage` = 2  AND `is_show` = 1 ORDER BY `sort` DESC LIMIT 5 [ RunTime:0.050730s ]
[ sql ] [ SQL ] SELECT * FROM `clt_new_article` WHERE  `type` = 200  AND `apply_stage` = 2  AND `is_show` = 1 ORDER BY `sort` DESC LIMIT 5 [ RunTime:0.360886s ]
[ sql ] [ SQL ] SELECT * FROM `clt_new_article` WHERE  `type` = 199  AND `apply_stage` = 2  AND `is_show` = 1 ORDER BY `sort` DESC LIMIT 5 [ RunTime:0.089709s ]
[ error ] [8]未定义数组索引: keywords[E:\PHPTutorial\WWW\home.newweb.com\runtime\temp\69105a7442d7fad584b0a21aab49fe23.php:292]
---------------------------------------------------------------
[ 2019-03-20T09:37:06+08:00 ] 127.0.0.1 GET home.newweb.com/middle/
[运行时间：1.314701s] [吞吐率：0.76req/s] [内存消耗：4,194.69kb] [文件加载：101]
[ info ] [ LANG ] E:\PHPTutorial\WWW\home.newweb.com\thinkphp\lang\zh-cn.php
[ info ] [ ROUTE ] array (
)
[ info ] [ HEADER ] array (
  'cookie' => 'Hm_lvt_01e274a68687048b409421c6d427bdd1=1553045255; Hm_lpvt_01e274a68687048b409421c6d427bdd1=1553045820',
  'accept-language' => 'zh-CN,zh;q=0.9',
  'accept-encoding' => 'gzip, deflate',
  'accept' => 'text/html,application/xhtml+xml,application/xml;q=0.9,image/webp,image/apng,*/*;q=0.8',
  'user-agent' => 'Mozilla/5.0 (Windows NT 10.0; Win64; x64) AppleWebKit/537.36 (KHTML, like Gecko) Chrome/67.0.3396.87 Safari/537.36',
  'upgrade-insecure-requests' => '1',
  'connection' => 'keep-alive',
  'host' => 'home.newweb.com',
  'content-length' => '',
  'content-type' => '',
)
[ info ] [ PARAM ] array (
)
[ info ] [ DB ] INIT mysql
[ info ] [ DB ] INIT mysql
[ info ] [ VIEW ] E:\PHPTutorial\WWW\home.newweb.com\application\home\view\apply\high_school.html [ array (
  0 => 'admin_path',
  1 => 'action',
  2 => 'controller',
  3 => 'title',
  4 => 'keywords',
  5 => 'description',
  6 => 'category',
  7 => 'adList',
  8 => 'linkList',
  9 => 'changyan',
  10 => 'time',
  11 => 'pc_url',
  12 => 'zsg_list',
  13 => 'js_list',
  14 => 'zc_list',
  15 => 'zd_list',
  16 => 'zm_list',
  17 => 'sj_list',
  18 => 'gh_list',
  19 => 'activity_list',
  20 => 'article_type_list',
  21 => 'pics',
  22 => 'column_tdk_res',
) ]
[ sql ] [ DB ] CONNECT:[ UseTime:0.052005s ] mysql:host=47.104.25.221;port=3306;dbname=xinweb;charset=utf8
[ sql ] [ SQL ] SHOW COLUMNS FROM `clt_category` [ RunTime:0.031359s ]
[ sql ] [ SQL ] SELECT * FROM `clt_category` WHERE  `id` IS NULL LIMIT 1 [ RunTime:0.033023s ]
[ sql ] [ DB ] CONNECT:[ UseTime:0.045762s ] mysql:host=47.104.25.221;port=3306;dbname=xinweb;charset=utf8
[ sql ] [ SQL ] SHOW COLUMNS FROM `clt_plugin` [ RunTime:0.030215s ]
[ sql ] [ SQL ] SELECT * FROM `clt_plugin` WHERE  `code` = 'changyan' LIMIT 1 [ RunTime:0.031974s ]
[ sql ] [ SQL ] SHOW COLUMNS FROM `clt_new_adv` [ RunTime:0.029814s ]
[ sql ] [ SQL ] SELECT `id`,`title`,`pic`,`is_target`,`url` FROM `clt_new_adv` WHERE  `adv_type_id` = 1  AND `is_show` = 1 ORDER BY `sort` DESC [ RunTime:0.031922s ]
[ sql ] [ SQL ] SHOW COLUMNS FROM `clt_new_video` [ RunTime:0.038570s ]
[ sql ] [ SQL ] SELECT * FROM `clt_new_video` WHERE  `video_type_id` = 7  AND `is_show` = 1 ORDER BY `sort` DESC [ RunTime:0.029993s ]
[ sql ] [ SQL ] SELECT * FROM `clt_new_video` WHERE  `video_type_id` = 8  AND `is_show` = 1 ORDER BY `sort` DESC [ RunTime:0.034038s ]
[ sql ] [ SQL ] SELECT * FROM `clt_new_video` WHERE  `video_type_id` = 9  AND `is_show` = 1 ORDER BY `sort` DESC [ RunTime:0.032095s ]
[ sql ] [ SQL ] SELECT * FROM `clt_new_video` WHERE  `video_type_id` = 10  AND `is_show` = 1 ORDER BY `sort` DESC [ RunTime:0.032941s ]
[ sql ] [ SQL ] SELECT * FROM `clt_new_video` WHERE  `video_type_id` = 11  AND `is_show` = 1 ORDER BY `sort` DESC [ RunTime:0.029570s ]
[ sql ] [ SQL ] SHOW COLUMNS FROM `clt_new_family` [ RunTime:0.029470s ]
[ sql ] [ SQL ] SELECT `id`,`title`,`pics`,`cover_pic` FROM `clt_new_family` WHERE  `is_show` = 1  AND `tui_ids` = '5' ORDER BY `sort` DESC LIMIT 10 [ RunTime:0.043763s ]
[ sql ] [ SQL ] SHOW COLUMNS FROM `clt_new_care_activities` [ RunTime:0.040173s ]
[ sql ] [ SQL ] SELECT `id`,`title`,`cover_pic` FROM `clt_new_care_activities` WHERE  `is_show` = 1 ORDER BY `sort` DESC LIMIT 10 [ RunTime:0.050015s ]
[ sql ] [ SQL ] SHOW COLUMNS FROM `clt_new_activity` [ RunTime:0.029687s ]
[ sql ] [ SQL ] SELECT `id`,`title`,`lecture_time`,`name`,`lecture_venue`,`end_time`,`details_portrait`,`type` FROM `clt_new_activity` WHERE  `open` = '1'  AND `recommend_id` LIKE '%1%' ORDER BY `sort` DESC LIMIT 2 [ RunTime:0.030043s ]
[ sql ] [ SQL ] SHOW COLUMNS FROM `clt_new_activity_articletype` [ RunTime:0.038577s ]
[ sql ] [ SQL ] SELECT `rewrite` FROM `clt_new_activity_articletype` WHERE  `id` = 1 LIMIT 1 [ RunTime:0.029542s ]
[ sql ] [ SQL ] SELECT `rewrite` FROM `clt_new_activity_articletype` WHERE  `id` = 1 LIMIT 1 [ RunTime:0.032241s ]
[ sql ] [ SQL ] SHOW COLUMNS FROM `clt_new_article_type` [ RunTime:0.029234s ]
[ sql ] [ SQL ] SELECT * FROM `clt_new_article_type` WHERE  `id` IN (204,65,203,61,202,101) ORDER BY `sort` DESC LIMIT 6 [ RunTime:0.030409s ]
[ sql ] [ SQL ] SHOW COLUMNS FROM `clt_new_case` [ RunTime:0.029897s ]
[ sql ] [ SQL ] SELECT * FROM `clt_new_case` WHERE  `apply_stage` = 1  AND `is_show` = 1 ORDER BY `sort` DESC LIMIT 5 [ RunTime:0.047405s ]
[ sql ] [ SQL ] SHOW COLUMNS FROM `clt_new_article` [ RunTime:0.036419s ]
[ sql ] [ SQL ] SELECT * FROM `clt_new_article` WHERE  `type` = 65  AND `apply_stage` = 1  AND `is_show` = 1 ORDER BY `sort` DESC LIMIT 5 [ RunTime:0.047619s ]
[ sql ] [ SQL ] SELECT * FROM `clt_new_article` WHERE  `type` = 203  AND `apply_stage` = 1  AND `is_show` = 1 ORDER BY `sort` DESC LIMIT 5 [ RunTime:0.110527s ]
[ sql ] [ SQL ] SELECT * FROM `clt_new_article` WHERE  `type` = 61  AND `apply_stage` = 1  AND `is_show` = 1 ORDER BY `sort` DESC LIMIT 5 [ RunTime:0.047259s ]
[ sql ] [ SQL ] SELECT * FROM `clt_new_article` WHERE  `type` = 202  AND `apply_stage` = 1  AND `is_show` = 1 ORDER BY `sort` DESC LIMIT 5 [ RunTime:0.031724s ]
[ sql ] [ SQL ] SELECT * FROM `clt_new_article` WHERE  `type` = 101  AND `apply_stage` = 1  AND `is_show` = 1 ORDER BY `sort` DESC LIMIT 5 [ RunTime:0.031872s ]
[ error ] [8]未定义数组索引: keywords[E:\PHPTutorial\WWW\home.newweb.com\runtime\temp\d10380d12ae71c175e59bfc29dfaa7d5.php:291]
---------------------------------------------------------------
[ 2019-03-20T09:37:10+08:00 ] 127.0.0.1 GET home.newweb.com/page/polymerization.html
[运行时间：0.553053s] [吞吐率：1.81req/s] [内存消耗：3,645.21kb] [文件加载：97]
[ info ] [ LANG ] E:\PHPTutorial\WWW\home.newweb.com\thinkphp\lang\zh-cn.php
[ info ] [ ROUTE ] array (
)
[ info ] [ HEADER ] array (
  'cookie' => 'Hm_lvt_01e274a68687048b409421c6d427bdd1=1553045255; Hm_lpvt_01e274a68687048b409421c6d427bdd1=1553045827',
  'accept-language' => 'zh-CN,zh;q=0.9',
  'accept-encoding' => 'gzip, deflate',
  'accept' => 'text/html,application/xhtml+xml,application/xml;q=0.9,image/webp,image/apng,*/*;q=0.8',
  'user-agent' => 'Mozilla/5.0 (Windows NT 10.0; Win64; x64) AppleWebKit/537.36 (KHTML, like Gecko) Chrome/67.0.3396.87 Safari/537.36',
  'upgrade-insecure-requests' => '1',
  'connection' => 'keep-alive',
  'host' => 'home.newweb.com',
  'content-length' => '',
  'content-type' => '',
)
[ info ] [ PARAM ] array (
)
[ info ] [ DB ] INIT mysql
[ info ] [ DB ] INIT mysql
[ info ] [ VIEW ] E:\PHPTutorial\WWW\home.newweb.com\application\home\view\promote\index.html [ array (
  0 => 'action',
  1 => 'controller',
  2 => 'title',
  3 => 'keywords',
  4 => 'description',
  5 => 'category',
  6 => 'adList',
  7 => 'linkList',
  8 => 'changyan',
  9 => 'time',
  10 => 'pc_url',
  11 => 'column_tdk_res',
  12 => 'promote_arr',
  13 => 'case_list',
) ]
[ sql ] [ DB ] CONNECT:[ UseTime:0.045252s ] mysql:host=47.104.25.221;port=3306;dbname=xinweb;charset=utf8
[ sql ] [ SQL ] SHOW COLUMNS FROM `clt_category` [ RunTime:0.031909s ]
[ sql ] [ SQL ] SELECT * FROM `clt_category` WHERE  `id` IS NULL LIMIT 1 [ RunTime:0.030698s ]
[ sql ] [ DB ] CONNECT:[ UseTime:0.050810s ] mysql:host=47.104.25.221;port=3306;dbname=xinweb;charset=utf8
[ sql ] [ SQL ] SHOW COLUMNS FROM `clt_plugin` [ RunTime:0.033716s ]
[ sql ] [ SQL ] SELECT * FROM `clt_plugin` WHERE  `code` = 'changyan' LIMIT 1 [ RunTime:0.033797s ]
[ sql ] [ SQL ] SHOW COLUMNS FROM `clt_new_bg_promote_type` [ RunTime:0.033511s ]
[ sql ] [ SQL ] SHOW COLUMNS FROM `clt_new_bg_promote` [ RunTime:0.033313s ]
[ sql ] [ SQL ] SELECT `promote_model`.`id`,`promote_model`.`title`,`promote_model`.`thumbnail`,`promote_model`.`target_object`,`promote_model`.`is_hot`,`promote_model`.`type`,`bg_promote_type`,`promote_brief`,`promote_map`,`rewrite`,info.id AS info__id,info.pro_title AS info__pro_title,info.pro_describe AS info__pro_describe,info.pro_keyword AS info__pro_keyword,info.promote_brief AS info__promote_brief,info.promote_map AS info__promote_map,info.promote_home AS info__promote_home,info.promote_icon AS info__promote_icon,info.bg_promote_type AS info__bg_promote_type,info.rewrite AS info__rewrite,info.is_hot AS info__is_hot FROM `clt_new_bg_promote` `promote_model` INNER JOIN `clt_new_bg_promote_type` `info` ON `promote_model`.`type`=`info`.`id` WHERE  `open` = '1' ORDER BY `sort` DESC [ RunTime:0.124379s ]
[ sql ] [ SQL ] SHOW COLUMNS FROM `clt_new_article` [ RunTime:0.037044s ]
[ sql ] [ SQL ] SELECT `id`,`title`,`cover_pic` FROM `clt_new_article` WHERE  `is_show` = 1  AND `tui_ids` LIKE '19' ORDER BY `sort` DESC [ RunTime:0.033476s ]
[ error ] [8]未定义数组索引: keywords[E:\PHPTutorial\WWW\home.newweb.com\runtime\temp\eb63c67daafd4333f39d9b04e7e2dc27.php:284]
---------------------------------------------------------------
[ 2019-03-20T09:39:42+08:00 ] 127.0.0.1 GET home.newweb.com/page/seniormoney.html
[运行时间：0.353194s] [吞吐率：2.83req/s] [内存消耗：3,131.70kb] [文件加载：82]
[ info ] [ LANG ] E:\PHPTutorial\WWW\home.newweb.com\thinkphp\lang\zh-cn.php
[ info ] [ ROUTE ] array (
)
[ info ] [ HEADER ] array (
  'cookie' => 'Hm_lvt_01e274a68687048b409421c6d427bdd1=1553045255; Hm_lpvt_01e274a68687048b409421c6d427bdd1=1553045831',
  'accept-language' => 'zh-CN,zh;q=0.9',
  'accept-encoding' => 'gzip, deflate',
  'referer' => 'http://home.newweb.com/page/polymerization.html',
  'accept' => 'text/html,application/xhtml+xml,application/xml;q=0.9,image/webp,image/apng,*/*;q=0.8',
  'user-agent' => 'Mozilla/5.0 (Windows NT 10.0; Win64; x64) AppleWebKit/537.36 (KHTML, like Gecko) Chrome/67.0.3396.87 Safari/537.36',
  'upgrade-insecure-requests' => '1',
  'connection' => 'keep-alive',
  'host' => 'home.newweb.com',
  'content-length' => '',
  'content-type' => '',
)
[ info ] [ PARAM ] array (
)
[ info ] [ DB ] INIT mysql
[ info ] [ DB ] INIT mysql
[ info ] [ VIEW ] E:\PHPTutorial\WWW\home.newweb.com\application\home\view\page\seniormoney.html [ array (
  0 => 'action',
  1 => 'controller',
  2 => 'title',
  3 => 'keywords',
  4 => 'description',
  5 => 'category',
  6 => 'adList',
  7 => 'linkList',
  8 => 'changyan',
  9 => 'time',
  10 => 'pc_url',
  11 => 'column_tdk_res',
) ]
[ sql ] [ DB ] CONNECT:[ UseTime:0.066060s ] mysql:host=47.104.25.221;port=3306;dbname=xinweb;charset=utf8
[ sql ] [ SQL ] SHOW COLUMNS FROM `clt_category` [ RunTime:0.039937s ]
[ sql ] [ SQL ] SELECT * FROM `clt_category` WHERE  `id` IS NULL LIMIT 1 [ RunTime:0.035836s ]
[ sql ] [ DB ] CONNECT:[ UseTime:0.052360s ] mysql:host=47.104.25.221;port=3306;dbname=xinweb;charset=utf8
[ sql ] [ SQL ] SHOW COLUMNS FROM `clt_plugin` [ RunTime:0.032622s ]
[ sql ] [ SQL ] SELECT * FROM `clt_plugin` WHERE  `code` = 'changyan' LIMIT 1 [ RunTime:0.033988s ]
[ error ] [8]未定义数组索引: keywords[E:\PHPTutorial\WWW\home.newweb.com\runtime\temp\f458752fb9c1165cfebc4e38e983fce6.php:294]
---------------------------------------------------------------
[ 2019-03-20T09:47:56+08:00 ] 127.0.0.1 GET home.newweb.com/page/seniorsort.html
[运行时间：0.448037s] [吞吐率：2.23req/s] [内存消耗：3,115.37kb] [文件加载：82]
[ info ] [ LANG ] E:\PHPTutorial\WWW\home.newweb.com\thinkphp\lang\zh-cn.php
[ info ] [ ROUTE ] array (
)
[ info ] [ HEADER ] array (
  'cookie' => 'Hm_lvt_01e274a68687048b409421c6d427bdd1=1553045255; Hm_lpvt_01e274a68687048b409421c6d427bdd1=1553045982',
  'accept-language' => 'zh-CN,zh;q=0.9',
  'accept-encoding' => 'gzip, deflate',
  'accept' => 'text/html,application/xhtml+xml,application/xml;q=0.9,image/webp,image/apng,*/*;q=0.8',
  'user-agent' => 'Mozilla/5.0 (Windows NT 10.0; Win64; x64) AppleWebKit/537.36 (KHTML, like Gecko) Chrome/67.0.3396.87 Safari/537.36',
  'upgrade-insecure-requests' => '1',
  'connection' => 'keep-alive',
  'host' => 'home.newweb.com',
  'content-length' => '',
  'content-type' => '',
)
[ info ] [ PARAM ] array (
)
[ info ] [ DB ] INIT mysql
[ info ] [ DB ] INIT mysql
[ info ] [ VIEW ] E:\PHPTutorial\WWW\home.newweb.com\application\home\view\page\seniorsort.html [ array (
  0 => 'action',
  1 => 'controller',
  2 => 'title',
  3 => 'keywords',
  4 => 'description',
  5 => 'category',
  6 => 'adList',
  7 => 'linkList',
  8 => 'changyan',
  9 => 'time',
  10 => 'pc_url',
  11 => 'column_tdk_res',
) ]
[ sql ] [ DB ] CONNECT:[ UseTime:0.082057s ] mysql:host=47.104.25.221;port=3306;dbname=xinweb;charset=utf8
[ sql ] [ SQL ] SHOW COLUMNS FROM `clt_category` [ RunTime:0.033182s ]
[ sql ] [ SQL ] SELECT * FROM `clt_category` WHERE  `id` IS NULL LIMIT 1 [ RunTime:0.046040s ]
[ sql ] [ DB ] CONNECT:[ UseTime:0.066807s ] mysql:host=47.104.25.221;port=3306;dbname=xinweb;charset=utf8
[ sql ] [ SQL ] SHOW COLUMNS FROM `clt_plugin` [ RunTime:0.043075s ]
[ sql ] [ SQL ] SELECT * FROM `clt_plugin` WHERE  `code` = 'changyan' LIMIT 1 [ RunTime:0.030750s ]
[ error ] [8]未定义数组索引: keywords[E:\PHPTutorial\WWW\home.newweb.com\runtime\temp\53e5564826636ce19c6e1f35773f59a7.php:296]
---------------------------------------------------------------
[ 2019-03-20T09:47:57+08:00 ] 127.0.0.1 GET home.newweb.com/page/__JS__/newpage/canvas-particle.js
[运行时间：0.405859s] [吞吐率：2.46req/s] [内存消耗：2,736.84kb] [文件加载：77]
[ info ] [ LANG ] E:\PHPTutorial\WWW\home.newweb.com\thinkphp\lang\zh-cn.php
[ info ] [ ROUTE ] array (
)
[ info ] [ HEADER ] array (
  'cookie' => 'Hm_lvt_01e274a68687048b409421c6d427bdd1=1553045255; Hm_lpvt_01e274a68687048b409421c6d427bdd1=1553045982',
  'accept-language' => 'zh-CN,zh;q=0.9',
  'accept-encoding' => 'gzip, deflate',
  'referer' => 'http://home.newweb.com/page/seniorsort.html',
  'accept' => '*/*',
  'user-agent' => 'Mozilla/5.0 (Windows NT 10.0; Win64; x64) AppleWebKit/537.36 (KHTML, like Gecko) Chrome/67.0.3396.87 Safari/537.36',
  'connection' => 'keep-alive',
  'host' => 'home.newweb.com',
  'content-length' => '',
  'content-type' => '',
)
[ info ] [ PARAM ] array (
)
[ info ] [ DB ] INIT mysql
[ info ] [ DB ] INIT mysql
[ sql ] [ DB ] CONNECT:[ UseTime:0.091911s ] mysql:host=47.104.25.221;port=3306;dbname=xinweb;charset=utf8
[ sql ] [ SQL ] SHOW COLUMNS FROM `clt_category` [ RunTime:0.058717s ]
[ sql ] [ SQL ] SELECT * FROM `clt_category` WHERE  `id` IS NULL LIMIT 1 [ RunTime:0.038797s ]
[ sql ] [ DB ] CONNECT:[ UseTime:0.055285s ] mysql:host=47.104.25.221;port=3306;dbname=xinweb;charset=utf8
[ sql ] [ SQL ] SHOW COLUMNS FROM `clt_plugin` [ RunTime:0.042258s ]
[ sql ] [ SQL ] SELECT * FROM `clt_plugin` WHERE  `code` = 'changyan' LIMIT 1 [ RunTime:0.043988s ]
---------------------------------------------------------------
[ 2019-03-20T09:47:57+08:00 ] 127.0.0.1 POST home.newweb.com/home/index/content
[运行时间：0.439710s] [吞吐率：2.27req/s] [内存消耗：3,177.38kb] [文件加载：88]
[ info ] [ LANG ] E:\PHPTutorial\WWW\home.newweb.com\thinkphp\lang\zh-cn.php
[ info ] [ ROUTE ] array (
)
[ info ] [ HEADER ] array (
  'cookie' => 'Hm_lvt_01e274a68687048b409421c6d427bdd1=1553045255; Hm_lpvt_01e274a68687048b409421c6d427bdd1=1553046477',
  'accept-language' => 'zh-CN,zh;q=0.9',
  'accept-encoding' => 'gzip, deflate',
  'referer' => 'http://home.newweb.com/page/seniorsort.html',
  'content-type' => 'application/x-www-form-urlencoded; charset=UTF-8',
  'user-agent' => 'Mozilla/5.0 (Windows NT 10.0; Win64; x64) AppleWebKit/537.36 (KHTML, like Gecko) Chrome/67.0.3396.87 Safari/537.36',
  'x-requested-with' => 'XMLHttpRequest',
  'origin' => 'http://home.newweb.com',
  'accept' => 'application/json, text/javascript, */*; q=0.01',
  'content-length' => '6',
  'connection' => 'keep-alive',
  'host' => 'home.newweb.com',
)
[ info ] [ PARAM ] array (
  'type' => '1',
)
[ info ] [ DB ] INIT mysql
[ info ] [ DB ] INIT mysql
[ sql ] [ DB ] CONNECT:[ UseTime:0.046129s ] mysql:host=47.104.25.221;port=3306;dbname=xinweb;charset=utf8
[ sql ] [ SQL ] SHOW COLUMNS FROM `clt_category` [ RunTime:0.040364s ]
[ sql ] [ SQL ] SELECT * FROM `clt_category` WHERE  `id` IS NULL LIMIT 1 [ RunTime:0.032522s ]
[ sql ] [ DB ] CONNECT:[ UseTime:0.043963s ] mysql:host=47.104.25.221;port=3306;dbname=xinweb;charset=utf8
[ sql ] [ SQL ] SHOW COLUMNS FROM `clt_plugin` [ RunTime:0.031524s ]
[ sql ] [ SQL ] SELECT * FROM `clt_plugin` WHERE  `code` = 'changyan' LIMIT 1 [ RunTime:0.041712s ]
[ sql ] [ SQL ] SHOW COLUMNS FROM `clt_new_article_type` [ RunTime:0.040430s ]
[ sql ] [ SQL ] SELECT `id`,`title`,`rewrite` FROM `clt_new_article_type` [ RunTime:0.030848s ]
[ sql ] [ SQL ] SHOW COLUMNS FROM `clt_new_school_ranking` [ RunTime:0.029690s ]
[ sql ] [ SQL ] SELECT * FROM `clt_new_school_ranking` WHERE  `type` = '1' [ RunTime:0.043240s ]
---------------------------------------------------------------
[ 2019-03-20T09:47:58+08:00 ] 127.0.0.1 POST home.newweb.com/home/index/content
[运行时间：0.518655s] [吞吐率：1.93req/s] [内存消耗：3,151.50kb] [文件加载：88]
[ info ] [ LANG ] E:\PHPTutorial\WWW\home.newweb.com\thinkphp\lang\zh-cn.php
[ info ] [ ROUTE ] array (
)
[ info ] [ HEADER ] array (
  'cookie' => 'Hm_lvt_01e274a68687048b409421c6d427bdd1=1553045255; Hm_lpvt_01e274a68687048b409421c6d427bdd1=1553046477',
  'accept-language' => 'zh-CN,zh;q=0.9',
  'accept-encoding' => 'gzip, deflate',
  'referer' => 'http://home.newweb.com/page/seniorsort.html',
  'content-type' => 'application/x-www-form-urlencoded; charset=UTF-8',
  'user-agent' => 'Mozilla/5.0 (Windows NT 10.0; Win64; x64) AppleWebKit/537.36 (KHTML, like Gecko) Chrome/67.0.3396.87 Safari/537.36',
  'x-requested-with' => 'XMLHttpRequest',
  'origin' => 'http://home.newweb.com',
  'accept' => 'application/json, text/javascript, */*; q=0.01',
  'content-length' => '6',
  'connection' => 'keep-alive',
  'host' => 'home.newweb.com',
)
[ info ] [ PARAM ] array (
  'type' => '2',
)
[ info ] [ DB ] INIT mysql
[ info ] [ DB ] INIT mysql
[ sql ] [ DB ] CONNECT:[ UseTime:0.047758s ] mysql:host=47.104.25.221;port=3306;dbname=xinweb;charset=utf8
[ sql ] [ SQL ] SHOW COLUMNS FROM `clt_category` [ RunTime:0.032564s ]
[ sql ] [ SQL ] SELECT * FROM `clt_category` WHERE  `id` IS NULL LIMIT 1 [ RunTime:0.047706s ]
[ sql ] [ DB ] CONNECT:[ UseTime:0.058746s ] mysql:host=47.104.25.221;port=3306;dbname=xinweb;charset=utf8
[ sql ] [ SQL ] SHOW COLUMNS FROM `clt_plugin` [ RunTime:0.061377s ]
[ sql ] [ SQL ] SELECT * FROM `clt_plugin` WHERE  `code` = 'changyan' LIMIT 1 [ RunTime:0.037231s ]
[ sql ] [ SQL ] SHOW COLUMNS FROM `clt_new_article_type` [ RunTime:0.034287s ]
[ sql ] [ SQL ] SELECT `id`,`title`,`rewrite` FROM `clt_new_article_type` [ RunTime:0.034738s ]
[ sql ] [ SQL ] SHOW COLUMNS FROM `clt_new_school_ranking` [ RunTime:0.054311s ]
[ sql ] [ SQL ] SELECT * FROM `clt_new_school_ranking` WHERE  `type` = '2' [ RunTime:0.062893s ]
---------------------------------------------------------------
[ 2019-03-20T09:48:09+08:00 ] 127.0.0.1 GET home.newweb.com/page/interview.html
[运行时间：0.319680s] [吞吐率：3.13req/s] [内存消耗：2,907.79kb] [文件加载：79]
[ info ] [ LANG ] E:\PHPTutorial\WWW\home.newweb.com\thinkphp\lang\zh-cn.php
[ info ] [ ROUTE ] array (
)
[ info ] [ HEADER ] array (
  'cookie' => 'Hm_lvt_01e274a68687048b409421c6d427bdd1=1553045255; Hm_lpvt_01e274a68687048b409421c6d427bdd1=1553046477',
  'accept-language' => 'zh-CN,zh;q=0.9',
  'accept-encoding' => 'gzip, deflate',
  'referer' => 'http://home.newweb.com/page/seniorsort.html',
  'accept' => 'text/html,application/xhtml+xml,application/xml;q=0.9,image/webp,image/apng,*/*;q=0.8',
  'user-agent' => 'Mozilla/5.0 (Windows NT 10.0; Win64; x64) AppleWebKit/537.36 (KHTML, like Gecko) Chrome/67.0.3396.87 Safari/537.36',
  'upgrade-insecure-requests' => '1',
  'connection' => 'keep-alive',
  'host' => 'home.newweb.com',
  'content-length' => '',
  'content-type' => '',
)
[ info ] [ PARAM ] array (
)
[ info ] [ DB ] INIT mysql
[ info ] [ DB ] INIT mysql
[ info ] [ VIEW ] E:\PHPTutorial\WWW\home.newweb.com\application\home\view\page\interview.html [ array (
  0 => 'action',
  1 => 'controller',
  2 => 'title',
  3 => 'keywords',
  4 => 'description',
  5 => 'category',
  6 => 'adList',
  7 => 'linkList',
  8 => 'changyan',
  9 => 'time',
  10 => 'pc_url',
  11 => 'column_tdk_res',
) ]
[ sql ] [ DB ] CONNECT:[ UseTime:0.045882s ] mysql:host=47.104.25.221;port=3306;dbname=xinweb;charset=utf8
[ sql ] [ SQL ] SHOW COLUMNS FROM `clt_category` [ RunTime:0.029490s ]
[ sql ] [ SQL ] SELECT * FROM `clt_category` WHERE  `id` IS NULL LIMIT 1 [ RunTime:0.031101s ]
[ sql ] [ DB ] CONNECT:[ UseTime:0.051435s ] mysql:host=47.104.25.221;port=3306;dbname=xinweb;charset=utf8
[ sql ] [ SQL ] SHOW COLUMNS FROM `clt_plugin` [ RunTime:0.033512s ]
[ sql ] [ SQL ] SELECT * FROM `clt_plugin` WHERE  `code` = 'changyan' LIMIT 1 [ RunTime:0.038332s ]
[ error ] [8]未定义数组索引: keywords[E:\PHPTutorial\WWW\home.newweb.com\runtime\temp\ce349d10aa5e65ccb5b573b95f60f868.php:282]
---------------------------------------------------------------
[ 2019-03-20T09:50:18+08:00 ] 127.0.0.1 GET home.newweb.com/page/collegejxj.html
[运行时间：0.348016s] [吞吐率：2.87req/s] [内存消耗：3,167.37kb] [文件加载：82]
[ info ] [ LANG ] E:\PHPTutorial\WWW\home.newweb.com\thinkphp\lang\zh-cn.php
[ info ] [ ROUTE ] array (
)
[ info ] [ HEADER ] array (
  'cookie' => 'Hm_lvt_01e274a68687048b409421c6d427bdd1=1553045255; Hm_lpvt_01e274a68687048b409421c6d427bdd1=1553046489',
  'accept-language' => 'zh-CN,zh;q=0.9',
  'accept-encoding' => 'gzip, deflate',
  'accept' => 'text/html,application/xhtml+xml,application/xml;q=0.9,image/webp,image/apng,*/*;q=0.8',
  'user-agent' => 'Mozilla/5.0 (Windows NT 10.0; Win64; x64) AppleWebKit/537.36 (KHTML, like Gecko) Chrome/67.0.3396.87 Safari/537.36',
  'upgrade-insecure-requests' => '1',
  'connection' => 'keep-alive',
  'host' => 'home.newweb.com',
  'content-length' => '',
  'content-type' => '',
)
[ info ] [ PARAM ] array (
)
[ info ] [ DB ] INIT mysql
[ info ] [ DB ] INIT mysql
[ info ] [ VIEW ] E:\PHPTutorial\WWW\home.newweb.com\application\home\view\page\collegejxj.html [ array (
  0 => 'action',
  1 => 'controller',
  2 => 'title',
  3 => 'keywords',
  4 => 'description',
  5 => 'category',
  6 => 'adList',
  7 => 'linkList',
  8 => 'changyan',
  9 => 'time',
  10 => 'pc_url',
  11 => 'column_tdk_res',
) ]
[ sql ] [ DB ] CONNECT:[ UseTime:0.044269s ] mysql:host=47.104.25.221;port=3306;dbname=xinweb;charset=utf8
[ sql ] [ SQL ] SHOW COLUMNS FROM `clt_category` [ RunTime:0.030898s ]
[ sql ] [ SQL ] SELECT * FROM `clt_category` WHERE  `id` IS NULL LIMIT 1 [ RunTime:0.030131s ]
[ sql ] [ DB ] CONNECT:[ UseTime:0.050568s ] mysql:host=47.104.25.221;port=3306;dbname=xinweb;charset=utf8
[ sql ] [ SQL ] SHOW COLUMNS FROM `clt_plugin` [ RunTime:0.028944s ]
[ sql ] [ SQL ] SELECT * FROM `clt_plugin` WHERE  `code` = 'changyan' LIMIT 1 [ RunTime:0.029085s ]
[ error ] [8]未定义数组索引: keywords[E:\PHPTutorial\WWW\home.newweb.com\runtime\temp\46c3d9266c5feef80d93514f6a85384a.php:316]
---------------------------------------------------------------
[ 2019-03-20T15:42:56+08:00 ] 127.0.0.1 GET home.newweb.com/
[运行时间：1.146372s] [吞吐率：0.87req/s] [内存消耗：3,626.38kb] [文件加载：99]
[ info ] [ LANG ] E:\PHPTutorial\WWW\home.newweb.com\thinkphp\lang\zh-cn.php
[ info ] [ ROUTE ] array (
  'rule' => '',
  'route' => 'home/index/index',
  'option' => 
  array (
    'merge_rule_regex' => false,
    'complete_match' => true,
  ),
  'var' => 
  array (
  ),
)
[ info ] [ HEADER ] array (
  'cookie' => 'Hm_lvt_01e274a68687048b409421c6d427bdd1=1552979151,1553047148; Hm_lpvt_01e274a68687048b409421c6d427bdd1=1553047148',
  'accept-language' => 'zh-CN,zh;q=0.9',
  'accept-encoding' => 'gzip, deflate',
  'accept' => 'text/html,application/xhtml+xml,application/xml;q=0.9,image/webp,image/apng,*/*;q=0.8',
  'user-agent' => 'Mozilla/5.0 (Windows NT 10.0; Win64; x64) AppleWebKit/537.36 (KHTML, like Gecko) Chrome/71.0.3578.98 Safari/537.36',
  'upgrade-insecure-requests' => '1',
  'cache-control' => 'max-age=0',
  'connection' => 'keep-alive',
  'host' => 'home.newweb.com',
  'content-length' => '',
  'content-type' => '',
)
[ info ] [ PARAM ] array (
)
[ info ] [ DB ] INIT mysql
[ info ] [ DB ] INIT mysql
[ info ] [ VIEW ] E:\PHPTutorial\WWW\home.newweb.com\application\home\view\index\index.html [ array (
  0 => 'sys',
  1 => 'action',
  2 => 'controller',
  3 => 'title',
  4 => 'keywords',
  5 => 'description',
  6 => 'category',
  7 => 'adList',
  8 => 'linkList',
  9 => 'changyan',
  10 => 'time',
  11 => 'pc_url',
  12 => 'link_list',
  13 => 'adv_list',
  14 => 'case_list',
  15 => 'admin_path',
  16 => 'list',
  17 => 'bj_promote',
  18 => 'activity_list',
  19 => 'gao_article_list',
  20 => 'ben_article_list',
  21 => 'yan_article_list',
  22 => 'column_tdk_res',
) ]
[ sql ] [ DB ] CONNECT:[ UseTime:0.043208s ] mysql:host=47.104.25.221;port=3306;dbname=xinweb;charset=utf8
[ sql ] [ SQL ] SHOW COLUMNS FROM `clt_category` [ RunTime:0.029671s ]
[ sql ] [ SQL ] SELECT * FROM `clt_category` WHERE  `id` IS NULL LIMIT 1 [ RunTime:0.028965s ]
[ sql ] [ DB ] CONNECT:[ UseTime:0.042259s ] mysql:host=47.104.25.221;port=3306;dbname=xinweb;charset=utf8
[ sql ] [ SQL ] SHOW COLUMNS FROM `clt_plugin` [ RunTime:0.027677s ]
[ sql ] [ SQL ] SELECT * FROM `clt_plugin` WHERE  `code` = 'changyan' LIMIT 1 [ RunTime:0.029326s ]
[ sql ] [ SQL ] SHOW COLUMNS FROM `clt_new_article_type` [ RunTime:0.027426s ]
[ sql ] [ SQL ] SELECT `id`,`title`,`rewrite` FROM `clt_new_article_type` [ RunTime:0.027682s ]
[ sql ] [ SQL ] SHOW COLUMNS FROM `clt_new_tutor_type` [ RunTime:0.029086s ]
[ sql ] [ SQL ] SELECT * FROM `clt_new_tutor_type` [ RunTime:0.031070s ]
[ sql ] [ SQL ] SHOW COLUMNS FROM `clt_new_tutor` [ RunTime:0.027666s ]
[ sql ] [ SQL ] SELECT `id`,`title`,`thumbnail`,`adept`,`type` FROM `clt_new_tutor` WHERE  `open` = 1  AND `type` = 1 ORDER BY `sort` DESC LIMIT 6 [ RunTime:0.032254s ]
[ sql ] [ SQL ] SELECT `id`,`title`,`thumbnail`,`adept`,`type` FROM `clt_new_tutor` WHERE  `open` = 1  AND `type` = 2 ORDER BY `sort` DESC LIMIT 6 [ RunTime:0.033641s ]
[ sql ] [ SQL ] SELECT `id`,`title`,`thumbnail`,`school`,`major`,`type`,`add_time` FROM `clt_new_tutor` WHERE  `open` = 1  AND `type` = 3 ORDER BY `sort` DESC LIMIT 6 [ RunTime:0.031640s ]
[ sql ] [ SQL ] SELECT `id`,`title`,`thumbnail`,`adept`,`type` FROM `clt_new_tutor` WHERE  `open` = 1  AND `type` = 4 ORDER BY `sort` DESC LIMIT 6 [ RunTime:0.027907s ]
[ sql ] [ SQL ] SELECT `id`,`title`,`thumbnail`,`school`,`major`,`type` FROM `clt_new_tutor` WHERE  `open` = 1  AND `type` = 5 ORDER BY `sort` DESC LIMIT 6 [ RunTime:0.027081s ]
[ sql ] [ SQL ] SELECT `id`,`title`,`thumbnail`,`adept`,`type`,`major` FROM `clt_new_tutor` WHERE  `open` = 1  AND `type` = 6 ORDER BY `sort` DESC LIMIT 6 [ RunTime:0.028500s ]
[ sql ] [ SQL ] SHOW COLUMNS FROM `clt_new_bg_promote_type` [ RunTime:0.029650s ]
[ sql ] [ SQL ] SELECT * FROM `clt_new_bg_promote_type` [ RunTime:0.032386s ]
[ sql ] [ SQL ] SHOW COLUMNS FROM `clt_new_activity` [ RunTime:0.027203s ]
[ sql ] [ SQL ] SELECT `id`,`title`,`lecture_time`,`name`,`lecture_venue`,`end_time`,`home_pic`,`type` FROM `clt_new_activity` WHERE  `open` = '1'  AND `recommend_id` LIKE '%9%' ORDER BY `sort` DESC LIMIT 2 [ RunTime:0.028144s ]
[ sql ] [ SQL ] SHOW COLUMNS FROM `clt_new_activity_articletype` [ RunTime:0.031304s ]
[ sql ] [ SQL ] SELECT `rewrite` FROM `clt_new_activity_articletype` WHERE  `id` = 1 LIMIT 1 [ RunTime:0.033307s ]
[ sql ] [ SQL ] SELECT `rewrite` FROM `clt_new_activity_articletype` WHERE  `id` = 1 LIMIT 1 [ RunTime:0.031020s ]
[ sql ] [ SQL ] SHOW COLUMNS FROM `clt_new_article` [ RunTime:0.031604s ]
[ sql ] [ SQL ] SELECT `id`,`title`,`type`,`apply_stage`,`is_show`,`index_sort`,`cover_pic` FROM `clt_new_article` WHERE  `is_show` = 1  AND `apply_stage` = 1  AND `tui_ids` LIKE '%1%' ORDER BY `index_sort` DESC LIMIT 6 [ RunTime:0.029522s ]
[ sql ] [ SQL ] SELECT `id`,`title`,`type`,`apply_stage`,`is_show`,`index_sort`,`cover_pic` FROM `clt_new_article` WHERE  `is_show` = 1  AND `apply_stage` = 2  AND `tui_ids` LIKE '%1%' ORDER BY `index_sort` DESC LIMIT 6 [ RunTime:0.034840s ]
[ sql ] [ SQL ] SELECT `id`,`title`,`type`,`apply_stage`,`is_show`,`index_sort`,`cover_pic` FROM `clt_new_article` WHERE  `is_show` = 1  AND `apply_stage` = 3  AND `tui_ids` LIKE '%1%' ORDER BY `index_sort` DESC LIMIT 6 [ RunTime:0.028057s ]
[ sql ] [ SQL ] SHOW COLUMNS FROM `clt_new_case` [ RunTime:0.035928s ]
[ sql ] [ SQL ] SELECT `id`,`title`,`student_name`,`score`,`apply_stage`,`xx_logo`,`head_img`,`xx_offer`,`xx_major`,`xx_name`,`sort`,`small_head_img` FROM `clt_new_case` WHERE  `tui_ids` LIKE '%15%' ORDER BY `sort` DESC LIMIT 6 [ RunTime:0.027831s ]
[ sql ] [ SQL ] SHOW COLUMNS FROM `clt_new_adv` [ RunTime:0.027820s ]
[ sql ] [ SQL ] SELECT * FROM `clt_new_adv` WHERE  `adv_type_id` = 5 ORDER BY `sort` DESC [ RunTime:0.031553s ]
[ sql ] [ SQL ] SHOW COLUMNS FROM `clt_new_link` [ RunTime:0.027465s ]
[ sql ] [ SQL ] SELECT * FROM `clt_new_link` WHERE  `open` = '1' ORDER BY `sort` DESC [ RunTime:0.029697s ]
[ error ] [8]未定义数组索引: keywords[E:\PHPTutorial\WWW\home.newweb.com\runtime\temp\ce46e9936099d52ff3e3f6e26ff41797.php:311]
---------------------------------------------------------------
[ 2019-03-20T15:44:36+08:00 ] 192.168.1.126 GET home.newweb.com/studentstory/722.html
[运行时间：1.172862s] [吞吐率：0.85req/s] [内存消耗：3,506.54kb] [文件加载：100]
[ info ] [ LANG ] E:\PHPTutorial\WWW\home.newweb.com\thinkphp\lang\zh-cn.php
[ info ] [ ROUTE ] array (
)
[ info ] [ HEADER ] array (
  'upgrade-insecure-requests' => '1',
  'cookie' => 'bdshare_firstime=1551095543359',
  'connection' => 'keep-alive',
  'accept-encoding' => 'gzip, deflate',
  'accept-language' => 'zh-CN,zh;q=0.8,zh-TW;q=0.7,zh-HK;q=0.5,en-US;q=0.3,en;q=0.2',
  'accept' => 'text/html,application/xhtml+xml,application/xml;q=0.9,image/webp,*/*;q=0.8',
  'user-agent' => 'Mozilla/5.0 (Windows NT 10.0; Win64; x64; rv:65.0) Gecko/20100101 Firefox/65.0',
  'host' => 'home.newweb.com',
  'content-length' => '',
  'content-type' => '',
)
[ info ] [ PARAM ] array (
  'id' => '722',
)
[ info ] [ DB ] INIT mysql
[ info ] [ DB ] INIT mysql
[ info ] [ VIEW ] E:\PHPTutorial\WWW\home.newweb.com\application\home\view\article\info.html [ array (
  0 => 'sys',
  1 => 'action',
  2 => 'controller',
  3 => 'title',
  4 => 'keywords',
  5 => 'description',
  6 => 'category',
  7 => 'adList',
  8 => 'linkList',
  9 => 'changyan',
  10 => 'time',
  11 => 'apply_stage_list',
  12 => 'article_type_list',
  13 => 'pc_url',
  14 => 'label_list',
  15 => 'column_tdk_res',
  16 => 'tui_list',
  17 => 'info',
  18 => 'activity_info',
  19 => 'promote_info',
) ]
[ sql ] [ DB ] CONNECT:[ UseTime:0.045338s ] mysql:host=47.104.25.221;port=3306;dbname=xinweb;charset=utf8
[ sql ] [ SQL ] SHOW COLUMNS FROM `clt_category` [ RunTime:0.027615s ]
[ sql ] [ SQL ] SELECT * FROM `clt_category` WHERE  `id` IS NULL LIMIT 1 [ RunTime:0.028512s ]
[ sql ] [ DB ] CONNECT:[ UseTime:0.050908s ] mysql:host=47.104.25.221;port=3306;dbname=xinweb;charset=utf8
[ sql ] [ SQL ] SHOW COLUMNS FROM `clt_plugin` [ RunTime:0.031395s ]
[ sql ] [ SQL ] SELECT * FROM `clt_plugin` WHERE  `code` = 'changyan' LIMIT 1 [ RunTime:0.037457s ]
[ sql ] [ SQL ] SHOW COLUMNS FROM `clt_new_apply_stage` [ RunTime:0.031396s ]
[ sql ] [ SQL ] SELECT `id`,`title` FROM `clt_new_apply_stage` WHERE  `status` = 1 ORDER BY `sort` DESC [ RunTime:0.031282s ]
[ sql ] [ SQL ] SHOW COLUMNS FROM `clt_new_article_type` [ RunTime:0.033162s ]
[ sql ] [ SQL ] SELECT `id`,`title`,`describe`,`keyword` FROM `clt_new_article_type` WHERE  `status` = 1 ORDER BY `sort` DESC [ RunTime:0.031922s ]
[ sql ] [ SQL ] SHOW COLUMNS FROM `clt_new_article` [ RunTime:0.034596s ]
[ sql ] [ SQL ] SELECT * FROM `clt_new_article` WHERE  `id` = 722 LIMIT 1 [ RunTime:0.034247s ]
[ sql ] [ SQL ] SELECT `id`,`title`,`cover_pic`,`introduction`,`describe`,`add_time`,`type`,`content` FROM `clt_new_article` WHERE  `id` <> 722  AND `apply_stage` = 1  AND `type` = 205  AND `is_show` = 1 ORDER BY `add_time` DESC LIMIT 3 [ RunTime:0.047198s ]
[ sql ] [ SQL ] SELECT `title`,`rewrite` FROM `clt_new_article_type` WHERE  `id` = 205 LIMIT 1 [ RunTime:0.031080s ]
[ sql ] [ SQL ] SELECT `title`,`rewrite` FROM `clt_new_article_type` WHERE  `id` = 205 LIMIT 1 [ RunTime:0.030445s ]
[ sql ] [ SQL ] SELECT `title`,`rewrite` FROM `clt_new_article_type` WHERE  `id` = 205 LIMIT 1 [ RunTime:0.031086s ]
[ sql ] [ SQL ] SHOW COLUMNS FROM `clt_new_activity` [ RunTime:0.035066s ]
[ sql ] [ SQL ] SELECT `id`,`title`,`thumbnail`,`lecture_time`,`details_portrait` FROM `clt_new_activity` WHERE  `recommend_id` LIKE '%4%'  AND `open` = '1'  AND `phase` = 0 ORDER BY `sort` DESC LIMIT 2 [ RunTime:0.035617s ]
[ sql ] [ SQL ] SHOW COLUMNS FROM `clt_new_bg_promote` [ RunTime:0.033169s ]
[ sql ] [ SQL ] SELECT `id`,`title`,`thumbnail` FROM `clt_new_bg_promote` WHERE  `phase` = '1'  AND `open` = '1' ORDER BY `sort` DESC LIMIT 2 [ RunTime:0.031785s ]
[ sql ] [ SQL ] SELECT `id`,`title`,`details_portrait`,`lecture_time`,`type` FROM `clt_new_activity` WHERE  `open` = '1'  AND `recommend_id` LIKE '%4%' ORDER BY `sort` DESC LIMIT 2 [ RunTime:0.036070s ]
[ sql ] [ SQL ] SHOW COLUMNS FROM `clt_new_activity_articletype` [ RunTime:0.033379s ]
[ sql ] [ SQL ] SELECT `rewrite` FROM `clt_new_activity_articletype` WHERE  `id` = 1 LIMIT 1 [ RunTime:0.030272s ]
[ sql ] [ SQL ] SELECT `rewrite` FROM `clt_new_activity_articletype` WHERE  `id` = 1 LIMIT 1 [ RunTime:0.031003s ]
[ sql ] [ SQL ] SELECT `id`,`title`,`thumbnail`,`type` FROM `clt_new_bg_promote` WHERE  `open` = '1'  AND `recommend_id` LIKE '%4%' ORDER BY `sort` DESC LIMIT 3 [ RunTime:0.032469s ]
[ sql ] [ SQL ] SHOW COLUMNS FROM `clt_new_bg_promote_type` [ RunTime:0.032217s ]
[ sql ] [ SQL ] SELECT `rewrite` FROM `clt_new_bg_promote_type` WHERE  `id` = 1 LIMIT 1 [ RunTime:0.032274s ]
[ sql ] [ SQL ] SELECT `rewrite` FROM `clt_new_bg_promote_type` WHERE  `id` = 5 LIMIT 1 [ RunTime:0.031550s ]
[ sql ] [ SQL ] SELECT `rewrite` FROM `clt_new_bg_promote_type` WHERE  `id` = 4 LIMIT 1 [ RunTime:0.033876s ]
[ sql ] [ SQL ] SHOW COLUMNS FROM `clt_new_label` [ RunTime:0.031535s ]
[ sql ] [ SQL ] SELECT `title`,`href` FROM `clt_new_label` WHERE  `is_hot` = 1  AND `recommend_id` LIKE '%4%' [ RunTime:0.031077s ]
[ error ] [8]未定义数组下标: 205[E:\PHPTutorial\WWW\home.newweb.com\application\home\controller\Article.php:121]
[ error ] [8]未定义数组下标: 205[E:\PHPTutorial\WWW\home.newweb.com\application\home\controller\Article.php:122]
[ error ] [8]未定义数组索引: keywords[E:\PHPTutorial\WWW\home.newweb.com\runtime\temp\1f6ee8ed54f157c95bfc8a175cb66e30.php:310]
